PRT1
44
117
4 0 3 (2592 10240 736 ) (2048 10240 736 ) (2048 10240 -736 ) (2592 10240 -736 ) 
4 0 1 (2048 10240 -736 ) (2048 10240 736 ) (2048 10464 736 ) (2048 10464 -736 ) 
4 1 36 (2048 10240 -736 ) (2048 10240 -96 ) (1024 10240 -96 ) (1024 10240 -736 ) 
4 1 35 (1984 10240 0 ) (1024 10240 0 ) (1024 10240 -96 ) (1984 10240 -96 ) 
4 1 34 (2048 10240 -96 ) (2048 10240 0 ) (1984 10240 0 ) (1984 10240 -96 ) 
4 1 20 (1984 10240 32 ) (1024 10240 32 ) (1024 10240 0 ) (1984 10240 0 ) 
4 1 19 (2048 10240 0 ) (2048 10240 32 ) (1984 10240 32 ) (1984 10240 0 ) 
4 1 7 (1984 10240 256 ) (1024 10240 256 ) (1024 10240 32 ) (1984 10240 32 ) 
4 1 6 (2048 10240 32 ) (2048 10240 256 ) (1984 10240 256 ) (1984 10240 32 ) 
4 1 5 (2048 10240 256 ) (2048 10240 736 ) (1024 10240 736 ) (1024 10240 256 ) 
4 1 2 (1024 10240 -736 ) (1024 10240 736 ) (1024 10464 736 ) (1024 10464 -736 ) 
4 2 37 (1024 10240 -736 ) (1024 10240 736 ) (416 10240 736 ) (416 10240 -736 ) 
4 3 36 (2048 10240 -96 ) (2048 10240 -736 ) (2048 9216 -736 ) (2048 9216 -96 ) 
4 3 34 (2048 10240 0 ) (2048 10240 -96 ) (2048 9216 -96 ) (2048 9216 0 ) 
4 3 21 (2048 10112 0 ) (2048 9216 0 ) (2048 9216 32 ) (2048 10112 32 ) 
4 3 19 (2048 10240 32 ) (2048 10240 0 ) (2048 10112 0 ) (2048 10112 32 ) 
4 3 8 (2048 10112 32 ) (2048 9216 32 ) (2048 9216 256 ) (2048 10112 256 ) 
4 3 6 (2048 10240 256 ) (2048 10240 32 ) (2048 10112 32 ) (2048 10112 256 ) 
4 3 5 (2048 10240 736 ) (2048 10240 256 ) (2048 9216 256 ) (2048 9216 736 ) 
4 3 4 (2592 9216 736 ) (2048 9216 736 ) (2048 9216 -736 ) (2592 9216 -736 ) 
4 4 42 (2048 8800 736 ) (2048 9152 736 ) (2048 9152 -736 ) (2048 8800 -736 ) 
4 4 40 (2048 9216 0 ) (2048 9216 -736 ) (2048 9152 -736 ) (2048 9152 0 ) 
4 4 38 (2048 9152 736 ) (2048 9216 736 ) (2048 9216 0 ) (2048 9152 0 ) 
4 5 39 (1984 9216 736 ) (1024 9216 736 ) (1024 9216 256 ) (1984 9216 256 ) 
4 5 38 (2048 9216 256 ) (2048 9216 736 ) (1984 9216 736 ) (1984 9216 256 ) 
4 5 37 (1024 10240 736 ) (1024 10240 256 ) (1024 9216 256 ) (1024 9216 736 ) 
4 5 16 (1408 9824 256 ) (1408 9504 256 ) (1344 9504 256 ) (1344 9824 256 ) 
4 5 15 (1344 10112 256 ) (1408 10112 256 ) (1408 9824 256 ) (1344 9824 256 ) 
4 5 17 (1408 9504 256 ) (1408 9216 256 ) (1344 9216 256 ) (1344 9504 256 ) 
4 5 18 (1088 10112 256 ) (1344 10112 256 ) (1344 9216 256 ) (1088 9216 256 ) 
4 5 10 (1408 10112 256 ) (1664 10112 256 ) (1664 9216 256 ) (1408 9216 256 ) 
4 5 8 (1984 10112 256 ) (2048 10112 256 ) (2048 9216 256 ) (1984 9216 256 ) 
4 5 9 (1664 10112 256 ) (1920 10112 256 ) (1920 9216 256 ) (1664 9216 256 ) 
4 5 7 (1024 10176 256 ) (1024 10240 256 ) (1984 10240 256 ) (1984 10176 256 ) 
4 5 6 (1984 10240 256 ) (2048 10240 256 ) (2048 10112 256 ) (1984 10112 256 ) 
4 6 19 (1984 10240 32 ) (2048 10240 32 ) (2048 10112 32 ) (1984 10112 32 ) 
4 6 8 (1984 10112 32 ) (2048 10112 32 ) (2048 10112 256 ) (1984 10112 256 ) 
4 6 7 (1984 10240 32 ) (1984 10176 32 ) (1984 10176 256 ) (1984 10240 256 ) 
4 7 37 (1024 10240 256 ) (1024 10240 32 ) (1024 10176 32 ) (1024 10176 256 ) 
4 7 20 (1024 10176 32 ) (1024 10240 32 ) (1984 10240 32 ) (1984 10176 32 ) 
4 8 38 (2048 9216 32 ) (2048 9216 256 ) (1984 9216 256 ) (1984 9216 32 ) 
4 8 21 (2048 9216 32 ) (1984 9216 32 ) (1984 10112 32 ) (2048 10112 32 ) 
4 9 22 (1920 9216 32 ) (1664 9216 32 ) (1664 10112 32 ) (1920 10112 32 ) 
4 9 12 (1664 9504 32 ) (1664 9216 32 ) (1664 9216 48 ) (1664 9504 48 ) 
4 9 11 (1664 10112 48 ) (1664 10112 32 ) (1664 9824 32 ) (1664 9824 48 ) 
4 9 10 (1664 10112 256 ) (1664 10112 48 ) (1664 9216 48 ) (1664 9216 256 ) 
4 10 16 (1408 9824 48 ) (1408 9504 48 ) (1408 9504 256 ) (1408 9824 256 ) 
4 10 15 (1408 10112 256 ) (1408 10112 48 ) (1408 9824 48 ) (1408 9824 256 ) 
4 10 17 (1408 9504 48 ) (1408 9216 48 ) (1408 9216 256 ) (1408 9504 256 ) 
4 10 13 (1408 9568 48 ) (1408 9760 48 ) (1600 9760 48 ) (1600 9568 48 ) 
4 10 14 (1408 9216 48 ) (1408 9504 48 ) (1600 9504 48 ) (1600 9216 48 ) 
4 10 12 (1664 9504 48 ) (1664 9216 48 ) (1600 9216 48 ) (1600 9504 48 ) 
4 10 11 (1408 9824 48 ) (1408 10112 48 ) (1664 10112 48 ) (1664 9824 48 ) 
4 11 23 (1408 9824 32 ) (1408 10112 32 ) (1664 10112 32 ) (1664 9824 32 ) 
4 11 15 (1408 10112 48 ) (1408 10112 32 ) (1408 9824 32 ) (1408 9824 48 ) 
4 12 26 (1664 9216 32 ) (1600 9216 32 ) (1600 9504 32 ) (1664 9504 32 ) 
4 12 14 (1600 9504 32 ) (1600 9216 32 ) (1600 9216 48 ) (1600 9504 48 ) 
4 13 27 (1408 9568 32 ) (1408 9760 32 ) (1600 9760 32 ) (1600 9568 32 ) 
4 14 29 (1600 9216 32 ) (1408 9216 32 ) (1408 9504 32 ) (1600 9504 32 ) 
4 14 17 (1408 9504 32 ) (1408 9216 32 ) (1408 9216 48 ) (1408 9504 48 ) 
4 15 30 (1344 9824 32 ) (1344 10112 32 ) (1408 10112 32 ) (1408 9824 32 ) 
4 15 16 (1344 9824 256 ) (1344 9824 48 ) (1408 9824 48 ) (1408 9824 256 ) 
4 15 18 (1344 10112 256 ) (1344 10112 32 ) (1344 9824 32 ) (1344 9824 256 ) 
4 16 18 (1344 9504 48 ) (1344 9504 256 ) (1344 9824 256 ) (1344 9824 48 ) 
4 16 17 (1344 9504 256 ) (1344 9504 48 ) (1408 9504 48 ) (1408 9504 256 ) 
4 17 32 (1408 9216 32 ) (1344 9216 32 ) (1344 9504 32 ) (1408 9504 32 ) 
4 17 18 (1344 9504 32 ) (1344 9216 32 ) (1344 9216 256 ) (1344 9504 256 ) 
4 18 33 (1344 9216 32 ) (1088 9216 32 ) (1088 10112 32 ) (1344 10112 32 ) 
4 19 34 (1984 10240 0 ) (2048 10240 0 ) (2048 10112 0 ) (1984 10112 0 ) 
4 19 21 (1984 10112 0 ) (2048 10112 0 ) (2048 10112 32 ) (1984 10112 32 ) 
4 19 20 (1984 10240 0 ) (1984 10176 0 ) (1984 10176 32 ) (1984 10240 32 ) 
4 20 37 (1024 10240 32 ) (1024 10240 0 ) (1024 10176 0 ) (1024 10176 32 ) 
4 20 35 (1024 10176 0 ) (1024 10240 0 ) (1984 10240 0 ) (1984 10176 0 ) 
4 21 38 (2048 9216 0 ) (2048 9216 32 ) (1984 9216 32 ) (1984 9216 0 ) 
4 21 34 (1984 10112 0 ) (2048 10112 0 ) (2048 9216 0 ) (1984 9216 0 ) 
4 22 25 (1664 9760 0 ) (1664 9504 0 ) (1664 9504 1 ) (1664 9760 1 ) 
4 22 26 (1664 9504 0 ) (1664 9216 0 ) (1664 9216 32 ) (1664 9504 32 ) 
4 22 24 (1664 9824 0 ) (1664 9760 0 ) (1664 9760 1 ) (1664 9824 1 ) 
4 22 23 (1664 10112 32 ) (1664 10112 0 ) (1664 9824 0 ) (1664 9824 32 ) 
4 23 30 (1408 10112 32 ) (1408 10112 0 ) (1408 9824 0 ) (1408 9824 32 ) 
4 23 24 (1408 9824 1 ) (1408 9824 0 ) (1664 9824 0 ) (1664 9824 1 ) 
4 24 31 (1408 9824 0 ) (1408 9760 0 ) (1408 9760 1 ) (1408 9824 1 ) 
4 24 27 (1408 9760 1 ) (1408 9760 0 ) (1600 9760 0 ) (1600 9760 1 ) 
4 24 25 (1600 9760 0 ) (1664 9760 0 ) (1664 9760 1 ) (1600 9760 1 ) 
4 25 28 (1600 9568 0 ) (1600 9504 0 ) (1600 9504 1 ) (1600 9568 1 ) 
4 25 27 (1600 9760 1 ) (1600 9760 0 ) (1600 9568 0 ) (1600 9568 1 ) 
4 25 26 (1600 9504 1 ) (1600 9504 0 ) (1664 9504 0 ) (1664 9504 1 ) 
4 26 29 (1600 9504 0 ) (1600 9216 0 ) (1600 9216 32 ) (1600 9504 32 ) 
4 27 31 (1408 9760 0 ) (1408 9568 0 ) (1408 9568 1 ) (1408 9760 1 ) 
4 27 28 (1408 9568 1 ) (1408 9568 0 ) (1600 9568 0 ) (1600 9568 1 ) 
4 28 31 (1408 9568 0 ) (1408 9504 0 ) (1408 9504 1 ) (1408 9568 1 ) 
4 28 29 (1408 9504 1 ) (1408 9504 0 ) (1600 9504 0 ) (1600 9504 1 ) 
4 29 32 (1408 9504 0 ) (1408 9216 0 ) (1408 9216 32 ) (1408 9504 32 ) 
4 30 31 (1344 9824 1 ) (1344 9824 0 ) (1408 9824 0 ) (1408 9824 1 ) 
4 30 33 (1344 10112 32 ) (1344 10112 0 ) (1344 9824 0 ) (1344 9824 32 ) 
4 31 33 (1344 9824 0 ) (1344 9504 0 ) (1344 9504 1 ) (1344 9824 1 ) 
4 31 32 (1344 9504 1 ) (1344 9504 0 ) (1408 9504 0 ) (1408 9504 1 ) 
4 32 33 (1344 9504 0 ) (1344 9216 0 ) (1344 9216 32 ) (1344 9504 32 ) 
4 34 40 (2048 9216 -96 ) (2048 9216 0 ) (1984 9216 0 ) (1984 9216 -96 ) 
4 34 36 (2048 9216 -96 ) (1984 9216 -96 ) (1984 10240 -96 ) (2048 10240 -96 ) 
4 34 35 (1984 10240 -96 ) (1984 10176 -96 ) (1984 10176 0 ) (1984 10240 0 ) 
4 35 37 (1024 10240 0 ) (1024 10240 -96 ) (1024 10176 -96 ) (1024 10176 0 ) 
4 35 36 (1024 10176 -96 ) (1024 10240 -96 ) (1984 10240 -96 ) (1984 10176 -96 ) 
4 36 41 (1984 9216 -96 ) (1024 9216 -96 ) (1024 9216 -736 ) (1984 9216 -736 ) 
4 36 40 (2048 9216 -736 ) (2048 9216 -96 ) (1984 9216 -96 ) (1984 9216 -736 ) 
4 36 37 (1024 10240 -96 ) (1024 10240 -736 ) (1024 9216 -736 ) (1024 9216 -96 ) 
4 37 43 (1024 9216 -736 ) (1024 9216 736 ) (416 9216 736 ) (416 9216 -736 ) 
4 38 42 (2048 9152 0 ) (2048 9152 736 ) (1984 9152 736 ) (1984 9152 0 ) 
4 38 40 (2048 9152 0 ) (1984 9152 0 ) (1984 9216 0 ) (2048 9216 0 ) 
4 38 39 (1984 9152 256 ) (1984 9152 736 ) (1984 9216 736 ) (1984 9216 256 ) 
4 39 43 (1024 9216 736 ) (1024 9216 256 ) (1024 9152 256 ) (1024 9152 736 ) 
4 39 42 (1984 9152 736 ) (1024 9152 736 ) (1024 9152 256 ) (1984 9152 256 ) 
4 40 42 (1984 9152 -736 ) (2048 9152 -736 ) (2048 9152 0 ) (1984 9152 0 ) 
4 40 41 (1984 9216 -736 ) (1984 9152 -736 ) (1984 9152 -96 ) (1984 9216 -96 ) 
4 41 43 (1024 9216 -96 ) (1024 9216 -736 ) (1024 9152 -736 ) (1024 9152 -96 ) 
4 41 42 (1024 9152 -736 ) (1984 9152 -736 ) (1984 9152 -96 ) (1024 9152 -96 ) 
4 42 43 (1024 9152 -736 ) (1024 8800 -736 ) (1024 8800 736 ) (1024 9152 736 ) 
