PRT1
298
633
4 0 2 (-1088 14336 5056 ) (-2048 14336 5056 ) (-2048 14336 -3008 ) (-1088 14336 -3008 ) 
4 0 1 (-2048 14336 -3008 ) (-2048 14336 5056 ) (-2048 14784 5056 ) (-2048 14784 -3008 ) 
4 1 6 (-3072 14336 -3008 ) (-3072 14336 5056 ) (-3072 14784 5056 ) (-3072 14784 -3008 ) 
4 1 3 (-2048 14336 -3008 ) (-2048 14336 5056 ) (-3072 14336 5056 ) (-3072 14336 -3008 ) 
4 2 4 (-1088 13312 5056 ) (-2048 13312 5056 ) (-2048 13312 -3008 ) (-1088 13312 -3008 ) 
4 2 3 (-2048 14336 5056 ) (-2048 14336 -3008 ) (-2048 13312 -3008 ) (-2048 13312 5056 ) 
4 3 10 (-3072 13312 -3008 ) (-3072 13312 5056 ) (-3072 14336 5056 ) (-3072 14336 -3008 ) 
4 3 5 (-2048 13312 -3008 ) (-2048 13312 5056 ) (-3072 13312 5056 ) (-3072 13312 -3008 ) 
4 4 18 (-1088 12288 5056 ) (-2048 12288 5056 ) (-2048 12288 -3008 ) (-1088 12288 -3008 ) 
4 4 5 (-2048 13312 5056 ) (-2048 13312 -3008 ) (-2048 12288 -3008 ) (-2048 12288 5056 ) 
4 5 19 (-2048 12288 -3008 ) (-2048 12288 5056 ) (-3072 12288 5056 ) (-3072 12288 -3008 ) 
4 5 12 (-3072 12288 -3008 ) (-3072 12288 5056 ) (-3072 13312 5056 ) (-3072 13312 -3008 ) 
4 6 10 (-3072 14336 -3008 ) (-3072 14336 5056 ) (-4096 14336 5056 ) (-4096 14336 -3008 ) 
4 6 7 (-4096 14336 -3008 ) (-4096 14336 5056 ) (-4096 14784 5056 ) (-4096 14784 -3008 ) 
4 7 11 (-4096 14336 -3008 ) (-4096 14336 5056 ) (-5120 14336 5056 ) (-5120 14336 -3008 ) 
4 7 8 (-5120 14336 -3008 ) (-5120 14336 5056 ) (-5120 14784 5056 ) (-5120 14784 -3008 ) 
4 8 14 (-5120 14336 -3008 ) (-5120 14336 5056 ) (-6144 14336 5056 ) (-6144 14336 -3008 ) 
4 8 9 (-6144 14336 -3008 ) (-6144 14336 5056 ) (-6144 14784 5056 ) (-6144 14784 -3008 ) 
4 9 84 (-7168 14336 -3008 ) (-7168 14336 5056 ) (-7168 14784 5056 ) (-7168 14784 -3008 ) 
4 9 15 (-7168 14336 5056 ) (-7168 14336 -3008 ) (-6144 14336 -3008 ) (-6144 14336 5056 ) 
4 10 12 (-3072 13312 -3008 ) (-3072 13312 5056 ) (-4096 13312 5056 ) (-4096 13312 -3008 ) 
4 10 11 (-4096 14336 5056 ) (-4096 14336 -3008 ) (-4096 13312 -3008 ) (-4096 13312 5056 ) 
4 11 14 (-5120 14336 5056 ) (-5120 14336 -3008 ) (-5120 13312 -3008 ) (-5120 13312 5056 ) 
4 11 13 (-4096 13312 -3008 ) (-4096 13312 5056 ) (-5120 13312 5056 ) (-5120 13312 -3008 ) 
4 12 26 (-3072 12288 -3008 ) (-3072 12288 5056 ) (-4096 12288 5056 ) (-4096 12288 -3008 ) 
4 12 13 (-4096 13312 5056 ) (-4096 13312 -3008 ) (-4096 12288 -3008 ) (-4096 12288 5056 ) 
4 13 27 (-4096 12288 -3008 ) (-4096 12288 5056 ) (-5120 12288 5056 ) (-5120 12288 -3008 ) 
4 13 16 (-5120 12288 -3008 ) (-5120 12288 5056 ) (-5120 13312 5056 ) (-5120 13312 -3008 ) 
4 14 16 (-5120 13312 -3008 ) (-5120 13312 5056 ) (-6144 13312 5056 ) (-6144 13312 -3008 ) 
4 14 15 (-6144 14336 5056 ) (-6144 14336 -3008 ) (-6144 13312 -3008 ) (-6144 13312 5056 ) 
4 15 88 (-7168 13312 -3008 ) (-7168 13312 5056 ) (-7168 14336 5056 ) (-7168 14336 -3008 ) 
4 15 17 (-7168 13312 5056 ) (-7168 13312 -3008 ) (-6144 13312 -3008 ) (-6144 13312 5056 ) 
4 16 30 (-5120 12288 -3008 ) (-5120 12288 5056 ) (-6144 12288 5056 ) (-6144 12288 -3008 ) 
4 16 17 (-6144 13312 5056 ) (-6144 13312 -3008 ) (-6144 12288 -3008 ) (-6144 12288 5056 ) 
4 17 90 (-7168 12288 -3008 ) (-7168 12288 5056 ) (-7168 13312 5056 ) (-7168 13312 -3008 ) 
4 17 31 (-7168 12288 5056 ) (-7168 12288 -3008 ) (-6144 12288 -3008 ) (-6144 12288 5056 ) 
4 18 20 (-1088 11264 5056 ) (-2048 11264 5056 ) (-2048 11264 -3008 ) (-1088 11264 -3008 ) 
4 18 19 (-2048 12288 5056 ) (-2048 12288 -3008 ) (-2048 11264 -3008 ) (-2048 11264 5056 ) 
4 19 26 (-3072 12288 5056 ) (-3072 12288 -3008 ) (-3072 11264 -3008 ) (-3072 11264 5056 ) 
4 19 21 (-2048 11264 -3008 ) (-2048 11264 5056 ) (-3072 11264 5056 ) (-3072 11264 -3008 ) 
4 20 22 (-1088 10240 5056 ) (-2048 10240 5056 ) (-2048 10240 -3008 ) (-1088 10240 -3008 ) 
4 20 21 (-2048 11264 5056 ) (-2048 11264 -3008 ) (-2048 10240 -3008 ) (-2048 10240 5056 ) 
4 21 28 (-3072 10240 -3008 ) (-3072 10240 5056 ) (-3072 11264 5056 ) (-3072 11264 -3008 ) 
4 21 23 (-2048 10240 -3008 ) (-2048 10240 5056 ) (-3072 10240 5056 ) (-3072 10240 -3008 ) 
4 22 24 (-1088 9216 5056 ) (-2048 9216 5056 ) (-2048 9216 -3008 ) (-1088 9216 -3008 ) 
4 22 23 (-2048 10240 5056 ) (-2048 10240 -3008 ) (-2048 9216 -3008 ) (-2048 9216 5056 ) 
4 23 34 (-3072 9216 -3008 ) (-3072 9216 5056 ) (-3072 10240 5056 ) (-3072 10240 -3008 ) 
4 23 25 (-2048 9216 -3008 ) (-2048 9216 5056 ) (-3072 9216 5056 ) (-3072 9216 -3008 ) 
4 24 42 (-1088 8192 5056 ) (-2048 8192 5056 ) (-2048 8192 -3008 ) (-1088 8192 -3008 ) 
4 24 25 (-2048 9216 5056 ) (-2048 9216 -3008 ) (-2048 8192 -3008 ) (-2048 8192 5056 ) 
4 25 43 (-2048 8192 -3008 ) (-2048 8192 5056 ) (-3072 8192 5056 ) (-3072 8192 -3008 ) 
4 25 36 (-3072 8192 -3008 ) (-3072 8192 5056 ) (-3072 9216 5056 ) (-3072 9216 -3008 ) 
4 26 28 (-3072 11264 -3008 ) (-3072 11264 5056 ) (-4096 11264 5056 ) (-4096 11264 -3008 ) 
4 26 27 (-4096 12288 5056 ) (-4096 12288 -3008 ) (-4096 11264 -3008 ) (-4096 11264 5056 ) 
4 27 30 (-5120 12288 5056 ) (-5120 12288 -3008 ) (-5120 11264 -3008 ) (-5120 11264 5056 ) 
4 27 29 (-4096 11264 -3008 ) (-4096 11264 5056 ) (-5120 11264 5056 ) (-5120 11264 -3008 ) 
4 28 34 (-3072 10240 -3008 ) (-3072 10240 5056 ) (-4096 10240 5056 ) (-4096 10240 -3008 ) 
4 28 29 (-4096 11264 5056 ) (-4096 11264 -3008 ) (-4096 10240 -3008 ) (-4096 10240 5056 ) 
4 29 35 (-4096 10240 -3008 ) (-4096 10240 5056 ) (-5120 10240 5056 ) (-5120 10240 -3008 ) 
4 29 32 (-5120 10240 -3008 ) (-5120 10240 5056 ) (-5120 11264 5056 ) (-5120 11264 -3008 ) 
4 30 32 (-5120 11264 -3008 ) (-5120 11264 5056 ) (-6144 11264 5056 ) (-6144 11264 -3008 ) 
4 30 31 (-6144 12288 5056 ) (-6144 12288 -3008 ) (-6144 11264 -3008 ) (-6144 11264 5056 ) 
4 31 113 (-7168 11264 -3008 ) (-7168 11264 5056 ) (-7168 12288 5056 ) (-7168 12288 -3008 ) 
4 31 33 (-7168 11264 5056 ) (-7168 11264 -3008 ) (-6144 11264 -3008 ) (-6144 11264 5056 ) 
4 32 38 (-5120 10240 -3008 ) (-5120 10240 5056 ) (-6144 10240 5056 ) (-6144 10240 -3008 ) 
4 32 33 (-6144 11264 5056 ) (-6144 11264 -3008 ) (-6144 10240 -3008 ) (-6144 10240 5056 ) 
4 33 115 (-7168 10240 -3008 ) (-7168 10240 5056 ) (-7168 11264 5056 ) (-7168 11264 -3008 ) 
4 33 39 (-7168 10240 5056 ) (-7168 10240 -3008 ) (-6144 10240 -3008 ) (-6144 10240 5056 ) 
4 34 36 (-3072 9216 -3008 ) (-3072 9216 5056 ) (-4096 9216 5056 ) (-4096 9216 -3008 ) 
4 34 35 (-4096 10240 5056 ) (-4096 10240 -3008 ) (-4096 9216 -3008 ) (-4096 9216 5056 ) 
4 35 38 (-5120 10240 5056 ) (-5120 10240 -3008 ) (-5120 9216 -3008 ) (-5120 9216 5056 ) 
4 35 37 (-4096 9216 -3008 ) (-4096 9216 5056 ) (-5120 9216 5056 ) (-5120 9216 -3008 ) 
4 36 50 (-3072 8192 -3008 ) (-3072 8192 5056 ) (-4096 8192 5056 ) (-4096 8192 -3008 ) 
4 36 37 (-4096 9216 5056 ) (-4096 9216 -3008 ) (-4096 8192 -3008 ) (-4096 8192 5056 ) 
4 37 51 (-4096 8192 -3008 ) (-4096 8192 5056 ) (-5120 8192 5056 ) (-5120 8192 -3008 ) 
4 37 40 (-5120 8192 -3008 ) (-5120 8192 5056 ) (-5120 9216 5056 ) (-5120 9216 -3008 ) 
4 38 40 (-5120 9216 -3008 ) (-5120 9216 5056 ) (-6144 9216 5056 ) (-6144 9216 -3008 ) 
4 38 39 (-6144 10240 5056 ) (-6144 10240 -3008 ) (-6144 9216 -3008 ) (-6144 9216 5056 ) 
4 39 138 (-7168 9216 -3008 ) (-7168 9216 5056 ) (-7168 10240 5056 ) (-7168 10240 -3008 ) 
4 39 41 (-7168 9216 5056 ) (-7168 9216 -3008 ) (-6144 9216 -3008 ) (-6144 9216 5056 ) 
4 40 54 (-5120 8192 -3008 ) (-5120 8192 5056 ) (-6144 8192 5056 ) (-6144 8192 -3008 ) 
4 40 41 (-6144 9216 5056 ) (-6144 9216 -3008 ) (-6144 8192 -3008 ) (-6144 8192 5056 ) 
4 41 140 (-7168 8192 -3008 ) (-7168 8192 5056 ) (-7168 9216 5056 ) (-7168 9216 -3008 ) 
4 41 55 (-6144 8192 -3008 ) (-6144 8192 5056 ) (-7168 8192 5056 ) (-7168 8192 -3008 ) 
4 42 44 (-1088 7168 5056 ) (-2048 7168 5056 ) (-2048 7168 -3008 ) (-1088 7168 -3008 ) 
4 42 43 (-2048 7168 -3008 ) (-2048 7168 5056 ) (-2048 8192 5056 ) (-2048 8192 -3008 ) 
4 43 50 (-3072 7168 -3008 ) (-3072 7168 5056 ) (-3072 8192 5056 ) (-3072 8192 -3008 ) 
4 43 45 (-2048 7168 -3008 ) (-2048 7168 5056 ) (-3072 7168 5056 ) (-3072 7168 -3008 ) 
4 44 46 (-1088 6144 5056 ) (-2048 6144 5056 ) (-2048 6144 -3008 ) (-1088 6144 -3008 ) 
4 44 45 (-2048 7168 5056 ) (-2048 7168 -3008 ) (-2048 6144 -3008 ) (-2048 6144 5056 ) 
4 45 52 (-3072 6144 -3008 ) (-3072 6144 5056 ) (-3072 7168 5056 ) (-3072 7168 -3008 ) 
4 45 47 (-2048 6144 -3008 ) (-2048 6144 5056 ) (-3072 6144 5056 ) (-3072 6144 -3008 ) 
4 46 48 (-1088 5120 5056 ) (-2048 5120 5056 ) (-2048 5120 -3008 ) (-1088 5120 -3008 ) 
4 46 47 (-2048 6144 5056 ) (-2048 6144 -3008 ) (-2048 5120 -3008 ) (-2048 5120 5056 ) 
4 47 58 (-3072 5120 -3008 ) (-3072 5120 5056 ) (-3072 6144 5056 ) (-3072 6144 -3008 ) 
4 47 49 (-2048 5120 -3008 ) (-2048 5120 5056 ) (-3072 5120 5056 ) (-3072 5120 -3008 ) 
4 48 66 (-1088 4096 5056 ) (-2048 4096 5056 ) (-2048 4096 -3008 ) (-1088 4096 -3008 ) 
4 48 49 (-2048 5120 5056 ) (-2048 5120 -3008 ) (-2048 4096 -3008 ) (-2048 4096 5056 ) 
4 49 67 (-2048 4096 -3008 ) (-2048 4096 5056 ) (-3072 4096 5056 ) (-3072 4096 -3008 ) 
4 49 60 (-3072 4096 -3008 ) (-3072 4096 5056 ) (-3072 5120 5056 ) (-3072 5120 -3008 ) 
4 50 52 (-3072 7168 -3008 ) (-3072 7168 5056 ) (-4096 7168 5056 ) (-4096 7168 -3008 ) 
4 50 51 (-4096 7168 -3008 ) (-4096 7168 5056 ) (-4096 8192 5056 ) (-4096 8192 -3008 ) 
4 51 54 (-5120 7168 -3008 ) (-5120 7168 5056 ) (-5120 8192 5056 ) (-5120 8192 -3008 ) 
4 51 53 (-4096 7168 -3008 ) (-4096 7168 5056 ) (-5120 7168 5056 ) (-5120 7168 -3008 ) 
4 52 58 (-3072 6144 -3008 ) (-3072 6144 5056 ) (-4096 6144 5056 ) (-4096 6144 -3008 ) 
4 52 53 (-4096 7168 5056 ) (-4096 7168 -3008 ) (-4096 6144 -3008 ) (-4096 6144 5056 ) 
4 53 59 (-4096 6144 -3008 ) (-4096 6144 5056 ) (-5120 6144 5056 ) (-5120 6144 -3008 ) 
4 53 56 (-5120 6144 -3008 ) (-5120 6144 5056 ) (-5120 7168 5056 ) (-5120 7168 -3008 ) 
4 54 56 (-5120 7168 -3008 ) (-5120 7168 5056 ) (-6144 7168 5056 ) (-6144 7168 -3008 ) 
4 54 55 (-6144 7168 -3008 ) (-6144 7168 5056 ) (-6144 8192 5056 ) (-6144 8192 -3008 ) 
4 55 242 (-7168 7168 -3008 ) (-7168 7168 5056 ) (-7168 8192 5056 ) (-7168 8192 -3008 ) 
4 55 57 (-7168 7168 5056 ) (-7168 7168 -3008 ) (-6144 7168 -3008 ) (-6144 7168 5056 ) 
4 56 62 (-5120 6144 -3008 ) (-5120 6144 5056 ) (-6144 6144 5056 ) (-6144 6144 -3008 ) 
4 56 57 (-6144 7168 5056 ) (-6144 7168 -3008 ) (-6144 6144 -3008 ) (-6144 6144 5056 ) 
4 57 244 (-7168 6144 -3008 ) (-7168 6144 5056 ) (-7168 7168 5056 ) (-7168 7168 -3008 ) 
4 57 63 (-7168 6144 5056 ) (-7168 6144 -3008 ) (-6144 6144 -3008 ) (-6144 6144 5056 ) 
4 58 60 (-3072 5120 -3008 ) (-3072 5120 5056 ) (-4096 5120 5056 ) (-4096 5120 -3008 ) 
4 58 59 (-4096 6144 5056 ) (-4096 6144 -3008 ) (-4096 5120 -3008 ) (-4096 5120 5056 ) 
4 59 62 (-5120 6144 5056 ) (-5120 6144 -3008 ) (-5120 5120 -3008 ) (-5120 5120 5056 ) 
4 59 61 (-4096 5120 -3008 ) (-4096 5120 5056 ) (-5120 5120 5056 ) (-5120 5120 -3008 ) 
4 60 72 (-3072 4096 -3008 ) (-3072 4096 5056 ) (-4096 4096 5056 ) (-4096 4096 -3008 ) 
4 60 61 (-4096 5120 5056 ) (-4096 5120 -3008 ) (-4096 4096 -3008 ) (-4096 4096 5056 ) 
4 61 73 (-4096 4096 -3008 ) (-4096 4096 5056 ) (-5120 4096 5056 ) (-5120 4096 -3008 ) 
4 61 64 (-5120 4096 -3008 ) (-5120 4096 5056 ) (-5120 5120 5056 ) (-5120 5120 -3008 ) 
4 62 64 (-5120 5120 -3008 ) (-5120 5120 5056 ) (-6144 5120 5056 ) (-6144 5120 -3008 ) 
4 62 63 (-6144 6144 5056 ) (-6144 6144 -3008 ) (-6144 5120 -3008 ) (-6144 5120 5056 ) 
4 63 250 (-7168 5120 -3008 ) (-7168 5120 5056 ) (-7168 6144 5056 ) (-7168 6144 -3008 ) 
4 63 65 (-7168 5120 5056 ) (-7168 5120 -3008 ) (-6144 5120 -3008 ) (-6144 5120 5056 ) 
4 64 76 (-5120 4096 -3008 ) (-5120 4096 5056 ) (-6144 4096 5056 ) (-6144 4096 -3008 ) 
4 64 65 (-6144 5120 5056 ) (-6144 5120 -3008 ) (-6144 4096 -3008 ) (-6144 4096 5056 ) 
4 65 252 (-7168 4096 -3008 ) (-7168 4096 5056 ) (-7168 5120 5056 ) (-7168 5120 -3008 ) 
4 65 77 (-7168 4096 5056 ) (-7168 4096 -3008 ) (-6144 4096 -3008 ) (-6144 4096 5056 ) 
4 66 68 (-1088 3072 5056 ) (-2048 3072 5056 ) (-2048 3072 -3008 ) (-1088 3072 -3008 ) 
4 66 67 (-2048 4096 5056 ) (-2048 4096 -3008 ) (-2048 3072 -3008 ) (-2048 3072 5056 ) 
4 67 72 (-3072 4096 5056 ) (-3072 4096 -3008 ) (-3072 3072 -3008 ) (-3072 3072 5056 ) 
4 67 69 (-2048 3072 -3008 ) (-2048 3072 5056 ) (-3072 3072 5056 ) (-3072 3072 -3008 ) 
4 68 70 (-1088 2048 5056 ) (-2048 2048 5056 ) (-2048 2048 -3008 ) (-1088 2048 -3008 ) 
4 68 69 (-2048 3072 5056 ) (-2048 3072 -3008 ) (-2048 2048 -3008 ) (-2048 2048 5056 ) 
4 69 74 (-3072 2048 -3008 ) (-3072 2048 5056 ) (-3072 3072 5056 ) (-3072 3072 -3008 ) 
4 69 71 (-2048 2048 -3008 ) (-2048 2048 5056 ) (-3072 2048 5056 ) (-3072 2048 -3008 ) 
4 70 71 (-2048 2048 5056 ) (-2048 2048 -3008 ) (-2048 1088 -3008 ) (-2048 1088 5056 ) 
4 71 80 (-3072 1088 5056 ) (-3072 2048 5056 ) (-3072 2048 -3008 ) (-3072 1088 -3008 ) 
4 72 74 (-3072 3072 -3008 ) (-3072 3072 5056 ) (-4096 3072 5056 ) (-4096 3072 -3008 ) 
4 72 73 (-4096 4096 5056 ) (-4096 4096 -3008 ) (-4096 3072 -3008 ) (-4096 3072 5056 ) 
4 73 76 (-5120 4096 5056 ) (-5120 4096 -3008 ) (-5120 3072 -3008 ) (-5120 3072 5056 ) 
4 73 75 (-4096 3072 -3008 ) (-4096 3072 5056 ) (-5120 3072 5056 ) (-5120 3072 -3008 ) 
4 74 80 (-3072 2048 -3008 ) (-3072 2048 5056 ) (-4096 2048 5056 ) (-4096 2048 -3008 ) 
4 74 75 (-4096 3072 5056 ) (-4096 3072 -3008 ) (-4096 2048 -3008 ) (-4096 2048 5056 ) 
4 75 81 (-4096 2048 -3008 ) (-4096 2048 5056 ) (-5120 2048 5056 ) (-5120 2048 -3008 ) 
4 75 78 (-5120 2048 -3008 ) (-5120 2048 5056 ) (-5120 3072 5056 ) (-5120 3072 -3008 ) 
4 76 78 (-5120 3072 -3008 ) (-5120 3072 5056 ) (-6144 3072 5056 ) (-6144 3072 -3008 ) 
4 76 77 (-6144 4096 5056 ) (-6144 4096 -3008 ) (-6144 3072 -3008 ) (-6144 3072 5056 ) 
4 77 258 (-7168 3072 -3008 ) (-7168 3072 5056 ) (-7168 4096 5056 ) (-7168 4096 -3008 ) 
4 77 79 (-7168 3072 5056 ) (-7168 3072 -3008 ) (-6144 3072 -3008 ) (-6144 3072 5056 ) 
4 78 82 (-5120 2048 -3008 ) (-5120 2048 5056 ) (-6144 2048 5056 ) (-6144 2048 -3008 ) 
4 78 79 (-6144 3072 5056 ) (-6144 3072 -3008 ) (-6144 2048 -3008 ) (-6144 2048 5056 ) 
4 79 260 (-7168 2048 -3008 ) (-7168 2048 5056 ) (-7168 3072 5056 ) (-7168 3072 -3008 ) 
4 79 83 (-7168 2048 5056 ) (-7168 2048 -3008 ) (-6144 2048 -3008 ) (-6144 2048 5056 ) 
4 80 81 (-4096 2048 5056 ) (-4096 2048 -3008 ) (-4096 1088 -3008 ) (-4096 1088 5056 ) 
4 81 82 (-5120 2048 5056 ) (-5120 2048 -3008 ) (-5120 1088 -3008 ) (-5120 1088 5056 ) 
4 82 83 (-6144 2048 5056 ) (-6144 2048 -3008 ) (-6144 1088 -3008 ) (-6144 1088 5056 ) 
4 83 266 (-7168 1088 5056 ) (-7168 2048 5056 ) (-7168 2048 -3008 ) (-7168 1088 -3008 ) 
4 84 88 (-7168 14336 -3008 ) (-7168 14336 5056 ) (-8192 14336 5056 ) (-8192 14336 -3008 ) 
4 84 85 (-8192 14336 -3008 ) (-8192 14336 5056 ) (-8192 14784 5056 ) (-8192 14784 -3008 ) 
4 85 89 (-8192 14336 -3008 ) (-8192 14336 5056 ) (-9216 14336 5056 ) (-9216 14336 -3008 ) 
4 85 86 (-9216 14336 -3008 ) (-9216 14336 5056 ) (-9216 14784 5056 ) (-9216 14784 -3008 ) 
4 86 92 (-9216 14336 -3008 ) (-9216 14336 5056 ) (-10240 14336 5056 ) (-10240 14336 -3008 ) 
4 86 87 (-10240 14336 -3008 ) (-10240 14336 5056 ) (-10240 14784 5056 ) (-10240 14784 -3008 ) 
4 87 150 (-11264 14336 -3008 ) (-11264 14336 5056 ) (-11264 14784 5056 ) (-11264 14784 -3008 ) 
4 87 93 (-11264 14336 5056 ) (-11264 14336 -3008 ) (-10240 14336 -3008 ) (-10240 14336 5056 ) 
4 88 90 (-7168 13312 -3008 ) (-7168 13312 5056 ) (-8192 13312 5056 ) (-8192 13312 -3008 ) 
4 88 89 (-8192 14336 5056 ) (-8192 14336 -3008 ) (-8192 13312 -3008 ) (-8192 13312 5056 ) 
4 89 92 (-9216 14336 5056 ) (-9216 14336 -3008 ) (-9216 13312 -3008 ) (-9216 13312 5056 ) 
4 89 91 (-8192 13312 -3008 ) (-8192 13312 5056 ) (-9216 13312 5056 ) (-9216 13312 -3008 ) 
4 90 113 (-7168 12288 -3008 ) (-7168 12288 5056 ) (-8192 12288 5056 ) (-8192 12288 -3008 ) 
4 90 91 (-8192 13312 5056 ) (-8192 13312 -3008 ) (-8192 12288 -3008 ) (-8192 12288 5056 ) 
4 91 114 (-8192 12288 -3008 ) (-8192 12288 5056 ) (-9216 12288 5056 ) (-9216 12288 -3008 ) 
4 91 101 (-9216 12288 -3008 ) (-9216 12288 0 ) (-9216 13312 0 ) (-9216 13312 -3008 ) 
4 91 100 (-9216 12992 64 ) (-9216 13312 64 ) (-9216 13312 0 ) (-9216 12992 0 ) 
4 91 96 (-9216 12288 448 ) (-9216 12288 5056 ) (-9216 12928 5056 ) (-9216 12928 448 ) 
4 91 95 (-9216 13312 448 ) (-9216 13312 64 ) (-9216 12992 64 ) (-9216 12992 448 ) 
4 91 94 (-9216 12928 5056 ) (-9216 13312 5056 ) (-9216 13312 448 ) (-9216 12928 448 ) 
4 92 101 (-9216 13312 -3008 ) (-9216 13312 0 ) (-10240 13312 0 ) (-10240 13312 -3008 ) 
4 92 100 (-9216 13312 0 ) (-9216 13312 64 ) (-10240 13312 64 ) (-10240 13312 0 ) 
4 92 95 (-9216 13312 64 ) (-9216 13312 448 ) (-10240 13312 448 ) (-10240 13312 64 ) 
4 92 94 (-9216 13312 448 ) (-9216 13312 5056 ) (-10240 13312 5056 ) (-10240 13312 448 ) 
4 92 93 (-10240 14336 5056 ) (-10240 14336 -3008 ) (-10240 13312 -3008 ) (-10240 13312 5056 ) 
4 93 152 (-11264 13312 -3008 ) (-11264 13312 5056 ) (-11264 14336 5056 ) (-11264 14336 -3008 ) 
4 93 112 (-11264 13312 0 ) (-11264 13312 -3008 ) (-10240 13312 -3008 ) (-10240 13312 0 ) 
4 93 111 (-11264 13312 64 ) (-11264 13312 0 ) (-10240 13312 0 ) (-10240 13312 64 ) 
4 93 105 (-11264 13312 256 ) (-11264 13312 64 ) (-10240 13312 64 ) (-10240 13312 256 ) 
4 93 103 (-11264 13312 448 ) (-11264 13312 256 ) (-10240 13312 256 ) (-10240 13312 448 ) 
4 93 102 (-11264 13312 5056 ) (-11264 13312 448 ) (-10240 13312 448 ) (-10240 13312 5056 ) 
4 94 102 (-10240 13312 5056 ) (-10240 13312 448 ) (-10240 12928 448 ) (-10240 12928 5056 ) 
4 94 97 (-10240 12928 5056 ) (-10240 12928 448 ) (-9280 12928 448 ) (-9280 12928 5056 ) 
4 94 96 (-9280 12928 448 ) (-9216 12928 448 ) (-9216 12928 5056 ) (-9280 12928 5056 ) 
4 94 95 (-10240 12992 448 ) (-10240 13312 448 ) (-9216 13312 448 ) (-9216 12992 448 ) 
4 95 105 (-10240 13312 256 ) (-10240 13312 64 ) (-10240 12992 64 ) (-10240 12992 256 ) 
4 95 103 (-10240 13312 448 ) (-10240 13312 256 ) (-10240 12992 256 ) (-10240 12992 448 ) 
4 95 100 (-10240 13312 64 ) (-9216 13312 64 ) (-9216 12992 64 ) (-10240 12992 64 ) 
4 96 117 (-9216 12288 448 ) (-9216 12288 5056 ) (-9280 12288 5056 ) (-9280 12288 448 ) 
4 96 97 (-9280 12928 5056 ) (-9280 12928 448 ) (-9280 12288 448 ) (-9280 12288 5056 ) 
4 97 118 (-10240 12288 5056 ) (-10240 12288 288 ) (-9280 12288 288 ) (-9280 12288 5056 ) 
4 97 104 (-10240 12288 288 ) (-10240 12288 5056 ) (-10240 12928 5056 ) (-10240 12928 288 ) 
4 98 120 (-9280 12288 256 ) (-9504 12288 256 ) (-9504 12288 64 ) (-9280 12288 64 ) 
4 98 99 (-9504 12416 256 ) (-9504 12928 256 ) (-9504 12928 64 ) (-9504 12416 64 ) 
4 99 106 (-10240 12928 64 ) (-10240 12416 64 ) (-10240 12416 256 ) (-10240 12928 256 ) 
4 100 111 (-10240 13312 64 ) (-10240 13312 0 ) (-10240 12992 0 ) (-10240 12992 64 ) 
4 100 101 (-10240 12992 0 ) (-10240 13312 0 ) (-9216 13312 0 ) (-9216 12992 0 ) 
4 101 123 (-9216 12288 -3008 ) (-9216 12288 0 ) (-10240 12288 0 ) (-10240 12288 -3008 ) 
4 101 112 (-10240 13312 0 ) (-10240 13312 -3008 ) (-10240 12288 -3008 ) (-10240 12288 0 ) 
4 102 155 (-11264 12992 448 ) (-11264 12928 448 ) (-11264 12928 5056 ) (-11264 12992 5056 ) 
4 102 154 (-11264 13312 5056 ) (-11264 13312 448 ) (-11264 12992 448 ) (-11264 12992 5056 ) 
4 102 104 (-11264 12928 5056 ) (-11264 12928 448 ) (-10240 12928 448 ) (-10240 12928 5056 ) 
4 102 103 (-11264 12992 448 ) (-11264 13312 448 ) (-10240 13312 448 ) (-10240 12992 448 ) 
4 103 154 (-11264 13312 448 ) (-11264 13312 256 ) (-11264 12992 256 ) (-11264 12992 448 ) 
4 103 105 (-11264 12992 256 ) (-11264 13312 256 ) (-10240 13312 256 ) (-10240 12992 256 ) 
4 104 156 (-11264 12288 288 ) (-11264 12288 5056 ) (-11264 12928 5056 ) (-11264 12928 288 ) 
4 104 124 (-10240 12288 288 ) (-10240 12288 5056 ) (-11072 12288 5056 ) (-11072 12288 288 ) 
4 104 126 (-11072 12288 5056 ) (-11264 12288 5056 ) (-11264 12288 288 ) (-11072 12288 288 ) 
4 105 159 (-11264 13312 192 ) (-11264 13312 64 ) (-11264 12992 64 ) (-11264 12992 192 ) 
4 105 154 (-11264 12992 256 ) (-11264 13312 256 ) (-11264 13312 192 ) (-11264 12992 192 ) 
4 105 111 (-11264 12992 64 ) (-11264 13312 64 ) (-10240 13312 64 ) (-10240 12992 64 ) 
4 106 107 (-10560 12928 256 ) (-10560 12928 64 ) (-10560 12816 64 ) (-10560 12816 256 ) 
4 107 109 (-10688 12928 256 ) (-10688 12928 64 ) (-10688 12816 64 ) (-10688 12816 256 ) 
4 108 128 (-10560 12288 256 ) (-10688 12288 256 ) (-10688 12288 64 ) (-10560 12288 64 ) 
4 108 109 (-10688 12416 64 ) (-10688 12288 64 ) (-10688 12288 256 ) (-10688 12416 256 ) 
4 109 129 (-10752 12288 256 ) (-11008 12288 256 ) (-11008 12288 64 ) (-10752 12288 64 ) 
4 109 128 (-10688 12288 256 ) (-10752 12288 256 ) (-10752 12288 64 ) (-10688 12288 64 ) 
4 110 161 (-11264 12288 64 ) (-11264 12288 128 ) (-11264 12928 128 ) (-11264 12928 64 ) 
4 110 160 (-11264 12288 128 ) (-11264 12288 192 ) (-11264 12928 192 ) (-11264 12928 128 ) 
4 110 130 (-11264 12288 192 ) (-11264 12288 64 ) (-11072 12288 64 ) (-11072 12288 192 ) 
4 111 162 (-11264 12992 64 ) (-11264 13312 64 ) (-11264 13312 0 ) (-11264 12992 0 ) 
4 111 112 (-11264 12992 0 ) (-11264 13312 0 ) (-10240 13312 0 ) (-10240 12992 0 ) 
4 112 163 (-11264 12288 -3008 ) (-11264 12288 0 ) (-11264 13312 0 ) (-11264 13312 -3008 ) 
4 112 132 (-10240 12288 -3008 ) (-10240 12288 0 ) (-11264 12288 0 ) (-11264 12288 -3008 ) 
4 113 115 (-7168 11264 -3008 ) (-7168 11264 5056 ) (-8192 11264 5056 ) (-8192 11264 -3008 ) 
4 113 114 (-8192 11264 -3008 ) (-8192 11264 5056 ) (-8192 12288 5056 ) (-8192 12288 -3008 ) 
4 114 123 (-9216 11264 -3008 ) (-9216 11264 0 ) (-9216 12288 0 ) (-9216 12288 -3008 ) 
4 114 117 (-9216 11264 448 ) (-9216 11264 5056 ) (-9216 12288 5056 ) (-9216 12288 448 ) 
4 114 116 (-8192 11264 -3008 ) (-8192 11264 5056 ) (-9216 11264 5056 ) (-9216 11264 -3008 ) 
4 115 138 (-7168 10240 -3008 ) (-7168 10240 5056 ) (-8192 10240 5056 ) (-8192 10240 -3008 ) 
4 115 116 (-8192 11264 5056 ) (-8192 11264 -3008 ) (-8192 10240 -3008 ) (-8192 10240 5056 ) 
4 116 139 (-8192 10240 -3008 ) (-8192 10240 5056 ) (-9216 10240 5056 ) (-9216 10240 -3008 ) 
4 116 135 (-9216 10240 -3008 ) (-9216 10240 0 ) (-9216 11264 0 ) (-9216 11264 -3008 ) 
4 116 133 (-9216 10240 448 ) (-9216 10240 5056 ) (-9216 11264 5056 ) (-9216 11264 448 ) 
4 117 133 (-9216 11264 448 ) (-9216 11264 5056 ) (-9280 11264 5056 ) (-9280 11264 448 ) 
4 117 118 (-9280 12288 5056 ) (-9280 12288 448 ) (-9280 11264 448 ) (-9280 11264 5056 ) 
4 118 134 (-10240 11264 448 ) (-10240 11264 288 ) (-9280 11264 288 ) (-9280 11264 448 ) 
4 118 133 (-10240 11264 5056 ) (-10240 11264 448 ) (-9280 11264 448 ) (-9280 11264 5056 ) 
4 118 124 (-10240 11584 5056 ) (-10240 12288 5056 ) (-10240 12288 288 ) (-10240 11584 288 ) 
4 118 125 (-10240 11264 288 ) (-10240 11264 5056 ) (-10240 11584 5056 ) (-10240 11584 288 ) 
4 118 119 (-10240 11264 288 ) (-10240 11584 288 ) (-9280 11584 288 ) (-9280 11264 288 ) 
4 119 134 (-10240 11264 288 ) (-10240 11264 256 ) (-9280 11264 256 ) (-9280 11264 288 ) 
4 119 125 (-10240 11264 256 ) (-10240 11264 288 ) (-10240 11584 288 ) (-10240 11584 256 ) 
4 119 122 (-10240 11264 256 ) (-10240 11584 256 ) (-9280 11584 256 ) (-9280 11264 256 ) 
4 120 121 (-10208 11840 64 ) (-9280 11840 64 ) (-9280 11840 256 ) (-10208 11840 256 ) 
4 121 127 (-10240 11648 256 ) (-10240 11840 256 ) (-10240 11840 64 ) (-10240 11648 64 ) 
4 122 134 (-9280 11264 256 ) (-10240 11264 256 ) (-10240 11264 64 ) (-9280 11264 64 ) 
4 122 131 (-10240 11264 64 ) (-10240 11264 256 ) (-10240 11584 256 ) (-10240 11584 64 ) 
4 123 135 (-9216 11264 -3008 ) (-9216 11264 0 ) (-10240 11264 0 ) (-10240 11264 -3008 ) 
4 123 132 (-10240 11264 -3008 ) (-10240 11264 0 ) (-10240 12288 0 ) (-10240 12288 -3008 ) 
4 124 125 (-11072 11584 5056 ) (-11072 11584 288 ) (-10240 11584 288 ) (-10240 11584 5056 ) 
4 124 126 (-11072 11584 288 ) (-11072 11584 5056 ) (-11072 12288 5056 ) (-11072 12288 288 ) 
4 125 136 (-11072 11264 256 ) (-10240 11264 256 ) (-10240 11264 5056 ) (-11072 11264 5056 ) 
4 125 131 (-10240 11264 256 ) (-11072 11264 256 ) (-11072 11584 256 ) (-10240 11584 256 ) 
4 125 126 (-11072 11584 256 ) (-11072 11264 256 ) (-11072 11264 5056 ) (-11072 11584 5056 ) 
4 126 181 (-11264 11264 256 ) (-11264 11264 5056 ) (-11264 12288 5056 ) (-11264 12288 256 ) 
4 126 136 (-11264 11264 5056 ) (-11264 11264 256 ) (-11072 11264 256 ) (-11072 11264 5056 ) 
4 126 130 (-11264 11584 256 ) (-11264 12288 256 ) (-11072 12288 256 ) (-11072 11584 256 ) 
4 126 131 (-11072 11264 256 ) (-11264 11264 256 ) (-11264 11584 256 ) (-11072 11584 256 ) 
4 127 128 (-10272 11840 64 ) (-10272 11648 64 ) (-10272 11648 256 ) (-10272 11840 256 ) 
4 128 129 (-10752 12288 64 ) (-10752 11648 64 ) (-10752 11648 256 ) (-10752 12288 256 ) 
4 129 131 (-11008 11584 64 ) (-10752 11584 64 ) (-10752 11584 256 ) (-11008 11584 256 ) 
4 130 184 (-11264 12288 128 ) (-11264 12288 64 ) (-11264 11584 64 ) (-11264 11584 128 ) 
4 130 183 (-11264 12288 192 ) (-11264 12288 128 ) (-11264 11584 128 ) (-11264 11584 192 ) 
4 130 182 (-11264 11584 256 ) (-11264 12288 256 ) (-11264 12288 192 ) (-11264 11584 192 ) 
4 130 131 (-11264 11584 64 ) (-11072 11584 64 ) (-11072 11584 256 ) (-11264 11584 256 ) 
4 131 184 (-11264 11264 64 ) (-11264 11264 128 ) (-11264 11584 128 ) (-11264 11584 64 ) 
4 131 183 (-11264 11264 128 ) (-11264 11264 192 ) (-11264 11584 192 ) (-11264 11584 128 ) 
4 131 182 (-11264 11264 192 ) (-11264 11264 256 ) (-11264 11584 256 ) (-11264 11584 192 ) 
4 131 136 (-11264 11264 256 ) (-11264 11264 64 ) (-10240 11264 64 ) (-10240 11264 256 ) 
4 132 185 (-11264 11264 -3008 ) (-11264 11264 0 ) (-11264 12288 0 ) (-11264 12288 -3008 ) 
4 132 137 (-11264 11264 0 ) (-11264 11264 -3008 ) (-10240 11264 -3008 ) (-10240 11264 0 ) 
4 133 142 (-9216 10240 448 ) (-9216 10240 5056 ) (-10240 10240 5056 ) (-10240 10240 448 ) 
4 133 136 (-10240 11264 5056 ) (-10240 11264 448 ) (-10240 10240 448 ) (-10240 10240 5056 ) 
4 133 134 (-10240 11264 448 ) (-9280 11264 448 ) (-9280 10240 448 ) (-10240 10240 448 ) 
4 134 136 (-10240 11264 448 ) (-10240 11264 64 ) (-10240 10240 64 ) (-10240 10240 448 ) 
4 135 144 (-9216 10240 -3008 ) (-9216 10240 0 ) (-10240 10240 0 ) (-10240 10240 -3008 ) 
4 135 137 (-10240 11264 0 ) (-10240 11264 -3008 ) (-10240 10240 -3008 ) (-10240 10240 0 ) 
4 136 197 (-11264 10240 64 ) (-11264 10240 5056 ) (-11264 11264 5056 ) (-11264 11264 64 ) 
4 136 145 (-11264 10240 5056 ) (-11264 10240 448 ) (-10240 10240 448 ) (-10240 10240 5056 ) 
4 137 198 (-11264 10240 -3008 ) (-11264 10240 0 ) (-11264 11264 0 ) (-11264 11264 -3008 ) 
4 137 147 (-11264 10240 0 ) (-11264 10240 -3008 ) (-10240 10240 -3008 ) (-10240 10240 0 ) 
4 138 140 (-7168 9216 -3008 ) (-7168 9216 5056 ) (-8192 9216 5056 ) (-8192 9216 -3008 ) 
4 138 139 (-8192 10240 5056 ) (-8192 10240 -3008 ) (-8192 9216 -3008 ) (-8192 9216 5056 ) 
4 139 144 (-9216 10240 0 ) (-9216 10240 -3008 ) (-9216 9216 -3008 ) (-9216 9216 0 ) 
4 139 142 (-9216 10240 5056 ) (-9216 10240 448 ) (-9216 10176 448 ) (-9216 10176 5056 ) 
4 139 143 (-9216 10176 0 ) (-9216 9216 0 ) (-9216 9216 5056 ) (-9216 10176 5056 ) 
4 139 141 (-8192 9216 -3008 ) (-8192 9216 5056 ) (-9216 9216 5056 ) (-9216 9216 -3008 ) 
4 140 242 (-7168 8192 -3008 ) (-7168 8192 5056 ) (-8192 8192 5056 ) (-8192 8192 -3008 ) 
4 140 141 (-8192 9216 5056 ) (-8192 9216 -3008 ) (-8192 8192 -3008 ) (-8192 8192 5056 ) 
4 141 243 (-8192 8192 -3008 ) (-8192 8192 5056 ) (-9216 8192 5056 ) (-9216 8192 -3008 ) 
4 141 148 (-9216 8192 -3008 ) (-9216 8192 5056 ) (-9216 9216 5056 ) (-9216 9216 -3008 ) 
4 142 145 (-10240 10240 5056 ) (-10240 10240 448 ) (-10240 10176 448 ) (-10240 10176 5056 ) 
4 142 143 (-9216 10176 448 ) (-9216 10176 5056 ) (-10240 10176 5056 ) (-10240 10176 448 ) 
4 143 148 (-9216 9216 0 ) (-9216 9216 5056 ) (-10240 9216 5056 ) (-10240 9216 0 ) 
4 143 146 (-10240 10176 0 ) (-10240 9216 0 ) (-10240 9216 5056 ) (-10240 10176 5056 ) 
4 143 144 (-10240 9216 0 ) (-10240 10176 0 ) (-9216 10176 0 ) (-9216 9216 0 ) 
4 144 148 (-9216 9216 -3008 ) (-9216 9216 0 ) (-10240 9216 0 ) (-10240 9216 -3008 ) 
4 144 147 (-10240 10240 0 ) (-10240 10240 -3008 ) (-10240 9216 -3008 ) (-10240 9216 0 ) 
4 145 222 (-11264 10240 5056 ) (-11264 10240 448 ) (-11264 10176 448 ) (-11264 10176 5056 ) 
4 145 146 (-10240 10176 448 ) (-10240 10176 5056 ) (-11264 10176 5056 ) (-11264 10176 448 ) 
4 146 223 (-11264 9216 0 ) (-11264 9216 5056 ) (-11264 10176 5056 ) (-11264 10176 0 ) 
4 146 149 (-11264 9216 5056 ) (-11264 9216 0 ) (-10240 9216 0 ) (-10240 9216 5056 ) 
4 146 147 (-10240 10176 0 ) (-10240 9216 0 ) (-11264 9216 0 ) (-11264 10176 0 ) 
4 147 224 (-11264 9216 -3008 ) (-11264 9216 0 ) (-11264 10240 0 ) (-11264 10240 -3008 ) 
4 147 149 (-11264 9216 0 ) (-11264 9216 -3008 ) (-10240 9216 -3008 ) (-10240 9216 0 ) 
4 148 246 (-9216 8192 -3008 ) (-9216 8192 5056 ) (-10240 8192 5056 ) (-10240 8192 -3008 ) 
4 148 149 (-10240 9216 5056 ) (-10240 9216 -3008 ) (-10240 8192 -3008 ) (-10240 8192 5056 ) 
4 149 247 (-10240 8192 -3008 ) (-10240 8192 5056 ) (-11264 8192 5056 ) (-11264 8192 -3008 ) 
4 149 232 (-11264 8192 -3008 ) (-11264 8192 5056 ) (-11264 9216 5056 ) (-11264 9216 -3008 ) 
4 150 152 (-11264 14336 -3008 ) (-11264 14336 5056 ) (-12288 14336 5056 ) (-12288 14336 -3008 ) 
4 150 151 (-12288 14336 -3008 ) (-12288 14336 5056 ) (-12288 14784 5056 ) (-12288 14784 -3008 ) 
4 151 175 (-13312 14336 -3008 ) (-13312 14336 5056 ) (-13312 14784 5056 ) (-13312 14784 -3008 ) 
4 151 153 (-12288 14336 -3008 ) (-12288 14336 5056 ) (-13312 14336 5056 ) (-13312 14336 -3008 ) 
4 152 163 (-11264 13312 -3008 ) (-11264 13312 0 ) (-12288 13312 0 ) (-12288 13312 -3008 ) 
4 152 162 (-11264 13312 0 ) (-11264 13312 64 ) (-12288 13312 64 ) (-12288 13312 0 ) 
4 152 159 (-11264 13312 64 ) (-11264 13312 192 ) (-12288 13312 192 ) (-12288 13312 64 ) 
4 152 154 (-11264 13312 192 ) (-11264 13312 5056 ) (-12288 13312 5056 ) (-12288 13312 192 ) 
4 152 153 (-12288 13312 -3008 ) (-12288 13312 5056 ) (-12288 14336 5056 ) (-12288 14336 -3008 ) 
4 153 177 (-13312 13312 -3008 ) (-13312 13312 5056 ) (-13312 14336 5056 ) (-13312 14336 -3008 ) 
4 153 174 (-13312 13312 0 ) (-13312 13312 -3008 ) (-12288 13312 -3008 ) (-12288 13312 0 ) 
4 153 172 (-12992 13312 0 ) (-12288 13312 0 ) (-12288 13312 64 ) (-12992 13312 64 ) 
4 153 173 (-13312 13312 64 ) (-13312 13312 0 ) (-12992 13312 0 ) (-12992 13312 64 ) 
4 153 169 (-12992 13312 64 ) (-12928 13312 64 ) (-12928 13312 5056 ) (-12992 13312 5056 ) 
4 153 171 (-13312 13312 5056 ) (-13312 13312 64 ) (-12992 13312 64 ) (-12992 13312 5056 ) 
4 153 165 (-12928 13312 64 ) (-12288 13312 64 ) (-12288 13312 448 ) (-12928 13312 448 ) 
4 153 164 (-12288 13312 448 ) (-12288 13312 5056 ) (-12928 13312 5056 ) (-12928 13312 448 ) 
4 154 165 (-12288 13312 448 ) (-12288 13312 192 ) (-12288 12992 192 ) (-12288 12992 448 ) 
4 154 164 (-12288 13312 5056 ) (-12288 13312 448 ) (-12288 12992 448 ) (-12288 12992 5056 ) 
4 154 159 (-12288 12992 192 ) (-12288 13312 192 ) (-11264 13312 192 ) (-11264 12992 192 ) 
4 154 155 (-11264 12992 448 ) (-11264 12992 5056 ) (-12288 12992 5056 ) (-12288 12992 448 ) 
4 155 164 (-12288 12928 5056 ) (-12288 12992 5056 ) (-12288 12992 448 ) (-12288 12928 448 ) 
4 155 156 (-11264 12928 448 ) (-11264 12928 5056 ) (-12288 12928 5056 ) (-12288 12928 448 ) 
4 156 181 (-11264 12288 288 ) (-11264 12288 5056 ) (-12288 12288 5056 ) (-12288 12288 288 ) 
4 156 166 (-12288 12288 288 ) (-12288 12288 5056 ) (-12288 12928 5056 ) (-12288 12928 288 ) 
4 156 157 (-11584 12288 288 ) (-12288 12288 288 ) (-12288 12928 288 ) (-11584 12928 288 ) 
4 157 181 (-11584 12288 288 ) (-12288 12288 288 ) (-12288 12288 256 ) (-11808 12288 256 ) 
4 157 166 (-12288 12288 256 ) (-12288 12288 288 ) (-12288 12928 288 ) (-12288 12928 256 ) 
3 157 158 (-12288 12928 256 ) (-11808 12928 256 ) (-11808 12491.637695 256 ) 
3 158 160 (-12000 12928 192 ) (-11584 12928 192 ) (-11584 12512 192 ) 
4 159 165 (-12288 13312 192 ) (-12288 13312 64 ) (-12288 12992 64 ) (-12288 12992 192 ) 
4 159 162 (-12288 13312 64 ) (-11264 13312 64 ) (-11264 12992 64 ) (-12288 12992 64 ) 
4 160 183 (-11264 12288 128 ) (-11264 12288 192 ) (-11360 12288 192 ) (-11360 12288 128 ) 
3 160 161 (-11264 12288 128 ) (-11904 12928 128 ) (-11264 12928 128 ) 
4 162 172 (-12288 13312 64 ) (-12288 13312 0 ) (-12288 12992 0 ) (-12288 12992 64 ) 
4 162 163 (-12288 12992 0 ) (-12288 13312 0 ) (-11264 13312 0 ) (-11264 12992 0 ) 
4 163 185 (-11264 12288 -3008 ) (-11264 12288 0 ) (-12288 12288 0 ) (-12288 12288 -3008 ) 
4 163 174 (-12288 13312 0 ) (-12288 13312 -3008 ) (-12288 12288 -3008 ) (-12288 12288 0 ) 
4 164 170 (-12928 12992 448 ) (-12928 12928 448 ) (-12928 12928 5056 ) (-12928 12992 5056 ) 
4 164 169 (-12928 13312 5056 ) (-12928 13312 448 ) (-12928 12992 448 ) (-12928 12992 5056 ) 
4 164 166 (-12928 12928 5056 ) (-12928 12928 448 ) (-12288 12928 448 ) (-12288 12928 5056 ) 
4 164 165 (-12928 12992 448 ) (-12928 13312 448 ) (-12288 13312 448 ) (-12288 12992 448 ) 
4 165 172 (-12928 13312 64 ) (-12288 13312 64 ) (-12288 12992 64 ) (-12928 12992 64 ) 
4 165 169 (-12928 13312 448 ) (-12928 13312 64 ) (-12928 12992 64 ) (-12928 12992 448 ) 
4 166 188 (-12608 12288 256 ) (-12928 12288 256 ) (-12928 12288 192 ) (-12608 12288 192 ) 
4 166 187 (-12288 12288 192 ) (-12288 12288 256 ) (-12608 12288 256 ) (-12608 12288 192 ) 
4 166 186 (-12288 12288 256 ) (-12288 12288 5056 ) (-12928 12288 5056 ) (-12928 12288 256 ) 
4 166 170 (-12928 12288 448 ) (-12928 12288 5056 ) (-12928 12928 5056 ) (-12928 12928 448 ) 
3 166 167 (-12928 12576 192 ) (-12928 12928 192 ) (-12576 12928 192 ) 
3 167 168 (-12928 12672 128 ) (-12928 12928 128 ) (-12672 12928 128 ) 
4 169 172 (-12992 13312 64 ) (-12928 13312 64 ) (-12928 12992 64 ) (-12992 12992 64 ) 
4 169 170 (-12992 12992 5056 ) (-12992 12992 448 ) (-12928 12992 448 ) (-12928 12992 5056 ) 
4 169 171 (-12992 13312 64 ) (-12992 12992 64 ) (-12992 12992 5056 ) (-12992 13312 5056 ) 
4 170 193 (-12928 12288 448 ) (-12928 12288 5056 ) (-12992 12288 5056 ) (-12992 12288 448 ) 
4 170 171 (-12992 12288 448 ) (-12992 12288 5056 ) (-12992 12992 5056 ) (-12992 12992 448 ) 
4 171 194 (-13312 12288 5056 ) (-13312 12288 64 ) (-12992 12288 64 ) (-12992 12288 5056 ) 
4 171 178 (-13312 12288 64 ) (-13312 12288 5056 ) (-13312 13312 5056 ) (-13312 13312 64 ) 
4 171 173 (-13312 12288 64 ) (-13312 13312 64 ) (-12992 13312 64 ) (-12992 12288 64 ) 
4 172 174 (-12992 12992 0 ) (-12992 13312 0 ) (-12288 13312 0 ) (-12288 12992 0 ) 
4 172 173 (-12992 13312 0 ) (-12992 12992 0 ) (-12992 12992 64 ) (-12992 13312 64 ) 
4 173 195 (-12992 12288 64 ) (-13312 12288 64 ) (-13312 12288 0 ) (-12992 12288 0 ) 
4 173 178 (-13312 12288 0 ) (-13312 12288 64 ) (-13312 13312 64 ) (-13312 13312 0 ) 
4 173 174 (-12992 12288 0 ) (-13312 12288 0 ) (-13312 13312 0 ) (-12992 13312 0 ) 
4 174 196 (-12288 12288 -3008 ) (-12288 12288 0 ) (-13312 12288 0 ) (-13312 12288 -3008 ) 
4 174 178 (-13312 12288 -3008 ) (-13312 12288 0 ) (-13312 13312 0 ) (-13312 13312 -3008 ) 
4 175 177 (-13312 14336 -3008 ) (-13312 14336 5056 ) (-14336 14336 5056 ) (-14336 14336 -3008 ) 
4 175 176 (-14336 14336 -3008 ) (-14336 14336 5056 ) (-14336 14784 5056 ) (-14336 14784 -3008 ) 
4 176 179 (-14336 14336 -3008 ) (-14336 14336 5056 ) (-14784 14336 5056 ) (-14784 14336 -3008 ) 
4 177 179 (-14336 14336 5056 ) (-14336 14336 -3008 ) (-14336 13312 -3008 ) (-14336 13312 5056 ) 
4 177 178 (-13312 13312 -3008 ) (-13312 13312 5056 ) (-14336 13312 5056 ) (-14336 13312 -3008 ) 
4 178 234 (-13312 12288 -3008 ) (-13312 12288 5056 ) (-14336 12288 5056 ) (-14336 12288 -3008 ) 
4 178 180 (-14336 12288 -3008 ) (-14336 12288 5056 ) (-14336 13312 5056 ) (-14336 13312 -3008 ) 
4 179 180 (-14336 13312 -3008 ) (-14336 13312 5056 ) (-14784 13312 5056 ) (-14784 13312 -3008 ) 
4 180 236 (-14336 12288 -3008 ) (-14336 12288 5056 ) (-14784 12288 5056 ) (-14784 12288 -3008 ) 
4 181 197 (-11264 11264 256 ) (-11264 11264 5056 ) (-12288 11264 5056 ) (-12288 11264 256 ) 
4 181 186 (-12288 11264 256 ) (-12288 11264 5056 ) (-12288 12288 5056 ) (-12288 12288 256 ) 
5 181 182 (-11264 11264 256 ) (-12288 11264 256 ) (-12288 11648 256 ) (-11584 12288 256 ) (-11264 12288 256 ) 
4 182 197 (-11264 11264 192 ) (-11264 11264 256 ) (-12288 11264 256 ) (-12288 11264 192 ) 
4 182 187 (-12288 11264 192 ) (-12288 11264 256 ) (-12288 11648 256 ) (-12288 11648 192 ) 
5 182 183 (-12288 11264 192 ) (-12288 11360 192 ) (-11360 12288 192 ) (-11264 12288 192 ) (-11264 11264 192 ) 
4 183 197 (-11264 11264 128 ) (-11264 11264 192 ) (-12288 11264 192 ) (-12288 11264 128 ) 
4 183 190 (-12288 11264 128 ) (-12288 11264 192 ) (-12288 11312 192 ) (-12288 11312 128 ) 
4 183 189 (-12288 11312 192 ) (-12288 11359.998047 192 ) (-12288 11359.998047 128 ) (-12288 11312 128 ) 
3 183 184 (-11264 11264 128 ) (-12288 11264 128 ) (-11264 12288 128 ) 
4 184 197 (-11264 11264 64 ) (-11264 11264 128 ) (-12288 11264 128 ) (-12288 11264 64 ) 
4 185 198 (-11264 11264 -3008 ) (-11264 11264 0 ) (-12288 11264 0 ) (-12288 11264 -3008 ) 
4 185 196 (-12288 11264 -3008 ) (-12288 11264 0 ) (-12288 12288 0 ) (-12288 12288 -3008 ) 
4 186 204 (-12624 11264 5056 ) (-12928 11264 5056 ) (-12928 11264 256 ) (-12624 11264 256 ) 
4 186 200 (-12608 11264 5056 ) (-12624 11264 5056 ) (-12624 11264 256 ) (-12608 11264 256 ) 
4 186 199 (-12288 11264 256 ) (-12288 11264 5056 ) (-12608 11264 5056 ) (-12608 11264 256 ) 
4 186 193 (-12928 11264 448 ) (-12928 11264 5056 ) (-12928 12288 5056 ) (-12928 12288 448 ) 
4 186 188 (-12928 11648 256 ) (-12928 12288 256 ) (-12608 12288 256 ) (-12608 11648 256 ) 
4 186 187 (-12288 11264 256 ) (-12608 11264 256 ) (-12608 12288 256 ) (-12288 12288 256 ) 
4 187 199 (-12288 11264 192 ) (-12288 11264 256 ) (-12608 11264 256 ) (-12608 11264 192 ) 
4 187 190 (-12288 11312 192 ) (-12288 11264 192 ) (-12608 11264 192 ) (-12608 11312 192 ) 
4 187 189 (-12288 11360 192 ) (-12288 11312 192 ) (-12608 11312 192 ) (-12608 11680 192 ) 
4 187 188 (-12608 12288 192 ) (-12608 11648 192 ) (-12608 11648 256 ) (-12608 12288 256 ) 
4 188 189 (-12928 11648 192 ) (-12928 12000 192 ) (-12608 11680 192 ) (-12608 11648 192 ) 
4 189 192 (-12928 11312 128 ) (-12928 11904 128 ) (-12608 11584 128 ) (-12608 11312 128 ) 
3 189 191 (-12608 11584 128 ) (-12336 11312 128 ) (-12608 11312 128 ) 
4 189 190 (-12608 11312 128 ) (-12288 11312 128 ) (-12288 11312 192 ) (-12608 11312 192 ) 
4 190 199 (-12288 11264 128 ) (-12288 11264 192 ) (-12608 11264 192 ) (-12608 11264 128 ) 
4 190 191 (-12288 11264 128 ) (-12608 11264 128 ) (-12608 11312 128 ) (-12336 11312 128 ) 
4 191 199 (-12608 11264 64 ) (-12288 11264 64 ) (-12288 11264 128 ) (-12608 11264 128 ) 
4 191 192 (-12608 11584 128 ) (-12608 11584 64 ) (-12608 11312 64 ) (-12608 11312 128 ) 
4 193 218 (-12928 11264 448 ) (-12928 11264 5056 ) (-12992 11264 5056 ) (-12992 11264 448 ) 
4 193 194 (-12992 11264 448 ) (-12992 11264 5056 ) (-12992 12288 5056 ) (-12992 12288 448 ) 
4 194 234 (-13312 12288 5056 ) (-13312 12288 64 ) (-13312 11264 64 ) (-13312 11264 5056 ) 
4 194 219 (-13312 11264 5056 ) (-13312 11264 64 ) (-12992 11264 64 ) (-12992 11264 5056 ) 
4 194 195 (-12992 11264 64 ) (-13312 11264 64 ) (-13312 12288 64 ) (-12992 12288 64 ) 
4 195 234 (-13312 12288 64 ) (-13312 12288 0 ) (-13312 11264 0 ) (-13312 11264 64 ) 
4 195 220 (-13312 11264 64 ) (-13312 11264 0 ) (-12992 11264 0 ) (-12992 11264 64 ) 
4 195 196 (-12992 11264 0 ) (-13312 11264 0 ) (-13312 12288 0 ) (-12992 12288 0 ) 
4 196 234 (-13312 12288 0 ) (-13312 12288 -3008 ) (-13312 11264 -3008 ) (-13312 11264 0 ) 
4 196 221 (-13312 11264 0 ) (-13312 11264 -3008 ) (-12928 11264 -3008 ) (-12928 11264 0 ) 
4 196 217 (-12928 11264 -3008 ) (-12288 11264 -3008 ) (-12288 11264 0 ) (-12928 11264 0 ) 
4 197 222 (-11264 10240 448 ) (-11264 10240 5056 ) (-12288 10240 5056 ) (-12288 10240 448 ) 
4 197 199 (-12288 11264 5056 ) (-12288 11264 64 ) (-12288 10240 64 ) (-12288 10240 5056 ) 
4 198 224 (-11264 10240 -3008 ) (-11264 10240 0 ) (-12288 10240 0 ) (-12288 10240 -3008 ) 
4 198 217 (-12288 11264 0 ) (-12288 11264 -3008 ) (-12288 10240 -3008 ) (-12288 10240 0 ) 
4 199 225 (-12288 10240 448 ) (-12288 10240 5056 ) (-12608 10240 5056 ) (-12608 10240 448 ) 
3 199 202 (-12608 10976 96 ) (-12608 10976 192 ) (-12608 11072 192 ) 
4 199 203 (-12608 10976 64 ) (-12608 10240 64 ) (-12608 10240 192 ) (-12608 10976 192 ) 
4 199 201 (-12608 11072 192 ) (-12608 10240 192 ) (-12608 10240 256 ) (-12608 11136 256 ) 
4 199 200 (-12608 11264 5056 ) (-12608 11264 256 ) (-12608 10240 256 ) (-12608 10240 5056 ) 
4 200 225 (-12624 10240 5056 ) (-12624 10240 448 ) (-12608 10240 448 ) (-12608 10240 5056 ) 
4 200 204 (-12624 10240 256 ) (-12624 10240 5056 ) (-12624 11264 5056 ) (-12624 11264 256 ) 
4 200 201 (-12624 10240 256 ) (-12624 11136 256 ) (-12608 11136 256 ) (-12608 10240 256 ) 
4 201 208 (-12624 10240 192 ) (-12624 10240 208 ) (-12624 11088 208 ) (-12624 11072 192 ) 
4 201 207 (-12624 10240 208 ) (-12624 10240 224 ) (-12624 11104 224 ) (-12624 11088 208 ) 
4 201 206 (-12624 10240 224 ) (-12624 10240 240 ) (-12624 11120 240 ) (-12624 11104 224 ) 
4 201 205 (-12624 10240 240 ) (-12624 10240 256 ) (-12624 11136 256 ) (-12624 11120 240 ) 
4 201 202 (-12624 10976 192 ) (-12624 11072 192 ) (-12608 11072 192 ) (-12608 10976 192 ) 
4 201 203 (-12624 10240 192 ) (-12624 10976 192 ) (-12608 10976 192 ) (-12608 10240 192 ) 
3 202 214 (-12624 10976 96 ) (-12624 10976 112 ) (-12624 10992 112 ) 
4 202 212 (-12624 11024 192 ) (-12624 11040 192 ) (-12624 11040 160 ) (-12624 11024 144 ) 
5 202 213 (-12624 10976 112 ) (-12624 10976 192 ) (-12624 11024 192 ) (-12624 11024 144 ) (-12624 10992 112 ) 
4 202 211 (-12624 11040 192 ) (-12624 11056 192 ) (-12624 11056 176 ) (-12624 11040 160 ) 
3 202 209 (-12624 11056 192 ) (-12624 11072 192 ) (-12624 11056 176 ) 
4 202 203 (-12608 10976 96 ) (-12608 10976 192 ) (-12624 10976 192 ) (-12624 10976 96 ) 
4 203 216 (-12624 10976 64 ) (-12624 10240 64 ) (-12624 10240 80 ) (-12624 10976 80 ) 
4 203 215 (-12624 10240 80 ) (-12624 10240 96 ) (-12624 10976 96 ) (-12624 10976 80 ) 
4 203 214 (-12624 10240 96 ) (-12624 10240 112 ) (-12624 10976 112 ) (-12624 10976 96 ) 
4 203 213 (-12624 10240 112 ) (-12624 10240 192 ) (-12624 10976 192 ) (-12624 10976 112 ) 
4 204 225 (-12928 10240 5056 ) (-12928 10240 448 ) (-12624 10240 448 ) (-12624 10240 5056 ) 
4 204 218 (-12928 10240 448 ) (-12928 10240 5056 ) (-12928 11264 5056 ) (-12928 11264 448 ) 
4 204 205 (-12928 10240 256 ) (-12928 11152 256 ) (-12624 11152 256 ) (-12624 10240 256 ) 
4 205 206 (-12928 10240 240 ) (-12928 11136 240 ) (-12624 11136 240 ) (-12624 10240 240 ) 
4 206 207 (-12928 10240 224 ) (-12928 11120 224 ) (-12624 11120 224 ) (-12624 10240 224 ) 
4 207 208 (-12928 10240 208 ) (-12928 11104 208 ) (-12624 11104 208 ) (-12624 10240 208 ) 
4 208 212 (-12928 11024 192 ) (-12928 11040 192 ) (-12624 11040 192 ) (-12624 11024 192 ) 
4 208 213 (-12928 10240 192 ) (-12928 11024 192 ) (-12624 11024 192 ) (-12624 10240 192 ) 
4 208 211 (-12928 11040 192 ) (-12928 11056 192 ) (-12624 11056 192 ) (-12624 11040 192 ) 
4 208 209 (-12928 11056 192 ) (-12928 11088 192 ) (-12624 11088 192 ) (-12624 11056 192 ) 
4 209 211 (-12624 11056 176 ) (-12624 11056 192 ) (-12928 11056 192 ) (-12928 11056 176 ) 
4 209 210 (-12624 11056 176 ) (-12928 11056 176 ) (-12928 11072 176 ) (-12624 11072 176 ) 
4 210 211 (-12624 11056 160 ) (-12624 11056 176 ) (-12928 11056 176 ) (-12928 11056 160 ) 
4 211 212 (-12624 11040 144 ) (-12624 11040 192 ) (-12928 11040 192 ) (-12928 11040 144 ) 
4 212 213 (-12624 11024 128 ) (-12624 11024 192 ) (-12928 11024 192 ) (-12928 11024 128 ) 
4 213 214 (-12928 10240 112 ) (-12928 11008 112 ) (-12624 11008 112 ) (-12624 10240 112 ) 
4 214 215 (-12928 10240 96 ) (-12928 10992 96 ) (-12624 10992 96 ) (-12624 10240 96 ) 
4 215 216 (-12928 10240 80 ) (-12928 10976 80 ) (-12624 10976 80 ) (-12624 10240 80 ) 
4 217 227 (-12288 10240 -3008 ) (-12288 10240 0 ) (-12928 10240 0 ) (-12928 10240 -3008 ) 
4 217 221 (-12928 10240 -3008 ) (-12928 10240 0 ) (-12928 11264 0 ) (-12928 11264 -3008 ) 
4 218 228 (-12928 10240 448 ) (-12928 10240 5056 ) (-12992 10240 5056 ) (-12992 10240 448 ) 
4 218 219 (-12992 10240 448 ) (-12992 10240 5056 ) (-12992 11264 5056 ) (-12992 11264 448 ) 
4 219 235 (-13312 10240 64 ) (-13312 10240 5056 ) (-13312 11264 5056 ) (-13312 11264 64 ) 
4 219 230 (-12992 10240 5056 ) (-13312 10240 5056 ) (-13312 10240 64 ) (-12992 10240 64 ) 
4 219 220 (-13312 11264 64 ) (-12992 11264 64 ) (-12992 10240 64 ) (-13312 10240 64 ) 
4 220 235 (-13312 10240 0 ) (-13312 10240 64 ) (-13312 11264 64 ) (-13312 11264 0 ) 
4 220 230 (-12992 10240 64 ) (-13312 10240 64 ) (-13312 10240 0 ) (-12992 10240 0 ) 
4 220 221 (-13312 10240 0 ) (-13312 11264 0 ) (-12992 11264 0 ) (-12992 10240 0 ) 
4 221 235 (-13312 10240 -3008 ) (-13312 10240 0 ) (-13312 11264 0 ) (-13312 11264 -3008 ) 
4 221 231 (-12928 10240 -3008 ) (-12928 10240 0 ) (-13312 10240 0 ) (-13312 10240 -3008 ) 
4 222 225 (-12288 10176 5056 ) (-12288 10240 5056 ) (-12288 10240 448 ) (-12288 10176 448 ) 
4 222 223 (-11264 10176 448 ) (-11264 10176 5056 ) (-12288 10176 5056 ) (-12288 10176 448 ) 
4 223 232 (-11264 9216 0 ) (-11264 9216 5056 ) (-12288 9216 5056 ) (-12288 9216 0 ) 
4 223 226 (-12288 9216 0 ) (-12288 9216 5056 ) (-12288 10176 5056 ) (-12288 10176 0 ) 
4 223 224 (-12288 9216 0 ) (-12288 10176 0 ) (-11264 10176 0 ) (-11264 9216 0 ) 
4 224 232 (-11264 9216 -3008 ) (-11264 9216 0 ) (-12288 9216 0 ) (-12288 9216 -3008 ) 
4 224 227 (-12288 9216 -3008 ) (-12288 9216 0 ) (-12288 10240 0 ) (-12288 10240 -3008 ) 
4 225 228 (-12928 10240 5056 ) (-12928 10240 448 ) (-12928 10176 448 ) (-12928 10176 5056 ) 
4 225 226 (-12288 10176 448 ) (-12288 10176 5056 ) (-12928 10176 5056 ) (-12928 10176 448 ) 
4 226 233 (-12288 9216 0 ) (-12288 9216 5056 ) (-12928 9216 5056 ) (-12928 9216 0 ) 
4 226 229 (-12928 10176 0 ) (-12928 9216 0 ) (-12928 9216 5056 ) (-12928 10176 5056 ) 
4 226 227 (-12288 9216 0 ) (-12928 9216 0 ) (-12928 10176 0 ) (-12288 10176 0 ) 
4 227 233 (-12288 9216 -3008 ) (-12288 9216 0 ) (-12928 9216 0 ) (-12928 9216 -3008 ) 
4 227 231 (-12928 10240 0 ) (-12928 10240 -3008 ) (-12928 9216 -3008 ) (-12928 9216 0 ) 
4 228 229 (-12992 10176 5056 ) (-12992 10176 448 ) (-12928 10176 448 ) (-12928 10176 5056 ) 
4 228 230 (-12992 10176 448 ) (-12992 10176 5056 ) (-12992 10240 5056 ) (-12992 10240 448 ) 
4 229 233 (-12992 9216 0 ) (-12928 9216 0 ) (-12928 9216 5056 ) (-12992 9216 5056 ) 
4 229 231 (-12928 10176 0 ) (-12928 9216 0 ) (-12992 9216 0 ) (-12992 10176 0 ) 
4 229 230 (-12992 10176 0 ) (-12992 9216 0 ) (-12992 9216 5056 ) (-12992 10176 5056 ) 
4 230 238 (-13312 9216 0 ) (-13312 9216 5056 ) (-13312 10240 5056 ) (-13312 10240 0 ) 
4 230 233 (-13312 9216 5056 ) (-13312 9216 0 ) (-12992 9216 0 ) (-12992 9216 5056 ) 
4 230 231 (-13312 9216 0 ) (-13312 10240 0 ) (-12992 10240 0 ) (-12992 9216 0 ) 
4 231 238 (-13312 9216 -3008 ) (-13312 9216 0 ) (-13312 10240 0 ) (-13312 10240 -3008 ) 
4 231 233 (-13312 9216 0 ) (-13312 9216 -3008 ) (-12928 9216 -3008 ) (-12928 9216 0 ) 
4 232 270 (-11264 8192 -3008 ) (-11264 8192 5056 ) (-12288 8192 5056 ) (-12288 8192 -3008 ) 
4 232 233 (-12288 9216 5056 ) (-12288 9216 -3008 ) (-12288 8192 -3008 ) (-12288 8192 5056 ) 
4 233 271 (-12288 8192 -3008 ) (-12288 8192 5056 ) (-13312 8192 5056 ) (-13312 8192 -3008 ) 
4 233 239 (-13312 8192 -3008 ) (-13312 8192 5056 ) (-13312 9216 5056 ) (-13312 9216 -3008 ) 
4 234 236 (-14336 12288 5056 ) (-14336 12288 -3008 ) (-14336 11264 -3008 ) (-14336 11264 5056 ) 
4 234 235 (-13312 11264 -3008 ) (-13312 11264 5056 ) (-14336 11264 5056 ) (-14336 11264 -3008 ) 
4 235 238 (-13312 10240 -3008 ) (-13312 10240 5056 ) (-14336 10240 5056 ) (-14336 10240 -3008 ) 
4 235 237 (-14336 10240 -3008 ) (-14336 10240 5056 ) (-14336 11264 5056 ) (-14336 11264 -3008 ) 
4 236 237 (-14336 11264 -3008 ) (-14336 11264 5056 ) (-14784 11264 5056 ) (-14784 11264 -3008 ) 
4 237 240 (-14336 10240 -3008 ) (-14336 10240 5056 ) (-14784 10240 5056 ) (-14784 10240 -3008 ) 
4 238 240 (-14336 10240 5056 ) (-14336 10240 -3008 ) (-14336 9216 -3008 ) (-14336 9216 5056 ) 
4 238 239 (-13312 9216 -3008 ) (-13312 9216 5056 ) (-14336 9216 5056 ) (-14336 9216 -3008 ) 
4 239 278 (-13312 8192 -3008 ) (-13312 8192 5056 ) (-14336 8192 5056 ) (-14336 8192 -3008 ) 
4 239 241 (-14336 8192 -3008 ) (-14336 8192 5056 ) (-14336 9216 5056 ) (-14336 9216 -3008 ) 
4 240 241 (-14336 9216 -3008 ) (-14336 9216 5056 ) (-14784 9216 5056 ) (-14784 9216 -3008 ) 
4 241 280 (-14336 8192 -3008 ) (-14336 8192 5056 ) (-14784 8192 5056 ) (-14784 8192 -3008 ) 
4 242 244 (-7168 7168 -3008 ) (-7168 7168 5056 ) (-8192 7168 5056 ) (-8192 7168 -3008 ) 
4 242 243 (-8192 7168 -3008 ) (-8192 7168 5056 ) (-8192 8192 5056 ) (-8192 8192 -3008 ) 
4 243 246 (-9216 7168 -3008 ) (-9216 7168 5056 ) (-9216 8192 5056 ) (-9216 8192 -3008 ) 
4 243 245 (-8192 7168 -3008 ) (-8192 7168 5056 ) (-9216 7168 5056 ) (-9216 7168 -3008 ) 
4 244 250 (-7168 6144 -3008 ) (-7168 6144 5056 ) (-8192 6144 5056 ) (-8192 6144 -3008 ) 
4 244 245 (-8192 7168 5056 ) (-8192 7168 -3008 ) (-8192 6144 -3008 ) (-8192 6144 5056 ) 
4 245 251 (-8192 6144 -3008 ) (-8192 6144 5056 ) (-9216 6144 5056 ) (-9216 6144 -3008 ) 
4 245 248 (-9216 6144 -3008 ) (-9216 6144 5056 ) (-9216 7168 5056 ) (-9216 7168 -3008 ) 
4 246 248 (-9216 7168 -3008 ) (-9216 7168 5056 ) (-10240 7168 5056 ) (-10240 7168 -3008 ) 
4 246 247 (-10240 7168 -3008 ) (-10240 7168 5056 ) (-10240 8192 5056 ) (-10240 8192 -3008 ) 
4 247 270 (-11264 8192 5056 ) (-11264 8192 -3008 ) (-11264 7168 -3008 ) (-11264 7168 5056 ) 
4 247 249 (-11264 7168 5056 ) (-11264 7168 -3008 ) (-10240 7168 -3008 ) (-10240 7168 5056 ) 
4 248 254 (-9216 6144 -3008 ) (-9216 6144 5056 ) (-10240 6144 5056 ) (-10240 6144 -3008 ) 
4 248 249 (-10240 7168 5056 ) (-10240 7168 -3008 ) (-10240 6144 -3008 ) (-10240 6144 5056 ) 
4 249 272 (-11264 6144 -3008 ) (-11264 6144 5056 ) (-11264 7168 5056 ) (-11264 7168 -3008 ) 
4 249 255 (-11264 6144 5056 ) (-11264 6144 -3008 ) (-10240 6144 -3008 ) (-10240 6144 5056 ) 
4 250 252 (-7168 5120 -3008 ) (-7168 5120 5056 ) (-8192 5120 5056 ) (-8192 5120 -3008 ) 
4 250 251 (-8192 6144 5056 ) (-8192 6144 -3008 ) (-8192 5120 -3008 ) (-8192 5120 5056 ) 
4 251 254 (-9216 6144 5056 ) (-9216 6144 -3008 ) (-9216 5120 -3008 ) (-9216 5120 5056 ) 
4 251 253 (-8192 5120 -3008 ) (-8192 5120 5056 ) (-9216 5120 5056 ) (-9216 5120 -3008 ) 
4 252 258 (-7168 4096 -3008 ) (-7168 4096 5056 ) (-8192 4096 5056 ) (-8192 4096 -3008 ) 
4 252 253 (-8192 5120 5056 ) (-8192 5120 -3008 ) (-8192 4096 -3008 ) (-8192 4096 5056 ) 
4 253 259 (-8192 4096 -3008 ) (-8192 4096 5056 ) (-9216 4096 5056 ) (-9216 4096 -3008 ) 
4 253 256 (-9216 4096 -3008 ) (-9216 4096 5056 ) (-9216 5120 5056 ) (-9216 5120 -3008 ) 
4 254 256 (-9216 5120 -3008 ) (-9216 5120 5056 ) (-10240 5120 5056 ) (-10240 5120 -3008 ) 
4 254 255 (-10240 6144 5056 ) (-10240 6144 -3008 ) (-10240 5120 -3008 ) (-10240 5120 5056 ) 
4 255 274 (-11264 5120 -3008 ) (-11264 5120 5056 ) (-11264 6144 5056 ) (-11264 6144 -3008 ) 
4 255 257 (-11264 5120 5056 ) (-11264 5120 -3008 ) (-10240 5120 -3008 ) (-10240 5120 5056 ) 
4 256 262 (-9216 4096 -3008 ) (-9216 4096 5056 ) (-10240 4096 5056 ) (-10240 4096 -3008 ) 
4 256 257 (-10240 5120 5056 ) (-10240 5120 -3008 ) (-10240 4096 -3008 ) (-10240 4096 5056 ) 
4 257 276 (-11264 4096 -3008 ) (-11264 4096 5056 ) (-11264 5120 5056 ) (-11264 5120 -3008 ) 
4 257 263 (-10240 4096 -3008 ) (-10240 4096 5056 ) (-11264 4096 5056 ) (-11264 4096 -3008 ) 
4 258 260 (-7168 3072 -3008 ) (-7168 3072 5056 ) (-8192 3072 5056 ) (-8192 3072 -3008 ) 
4 258 259 (-8192 3072 -3008 ) (-8192 3072 5056 ) (-8192 4096 5056 ) (-8192 4096 -3008 ) 
4 259 262 (-9216 3072 -3008 ) (-9216 3072 5056 ) (-9216 4096 5056 ) (-9216 4096 -3008 ) 
4 259 261 (-8192 3072 -3008 ) (-8192 3072 5056 ) (-9216 3072 5056 ) (-9216 3072 -3008 ) 
4 260 266 (-7168 2048 -3008 ) (-7168 2048 5056 ) (-8192 2048 5056 ) (-8192 2048 -3008 ) 
4 260 261 (-8192 3072 5056 ) (-8192 3072 -3008 ) (-8192 2048 -3008 ) (-8192 2048 5056 ) 
4 261 267 (-8192 2048 -3008 ) (-8192 2048 5056 ) (-9216 2048 5056 ) (-9216 2048 -3008 ) 
4 261 264 (-9216 2048 -3008 ) (-9216 2048 5056 ) (-9216 3072 5056 ) (-9216 3072 -3008 ) 
4 262 264 (-9216 3072 -3008 ) (-9216 3072 5056 ) (-10240 3072 5056 ) (-10240 3072 -3008 ) 
4 262 263 (-10240 3072 -3008 ) (-10240 3072 5056 ) (-10240 4096 5056 ) (-10240 4096 -3008 ) 
4 263 286 (-11264 3072 -3008 ) (-11264 3072 5056 ) (-11264 4096 5056 ) (-11264 4096 -3008 ) 
4 263 265 (-11264 3072 5056 ) (-11264 3072 -3008 ) (-10240 3072 -3008 ) (-10240 3072 5056 ) 
4 264 268 (-9216 2048 -3008 ) (-9216 2048 5056 ) (-10240 2048 5056 ) (-10240 2048 -3008 ) 
4 264 265 (-10240 3072 5056 ) (-10240 3072 -3008 ) (-10240 2048 -3008 ) (-10240 2048 5056 ) 
4 265 288 (-11264 2048 -3008 ) (-11264 2048 5056 ) (-11264 3072 5056 ) (-11264 3072 -3008 ) 
4 265 269 (-11264 2048 5056 ) (-11264 2048 -3008 ) (-10240 2048 -3008 ) (-10240 2048 5056 ) 
4 266 267 (-8192 2048 5056 ) (-8192 2048 -3008 ) (-8192 1088 -3008 ) (-8192 1088 5056 ) 
4 267 268 (-9216 2048 5056 ) (-9216 2048 -3008 ) (-9216 1088 -3008 ) (-9216 1088 5056 ) 
4 268 269 (-10240 2048 5056 ) (-10240 2048 -3008 ) (-10240 1088 -3008 ) (-10240 1088 5056 ) 
4 269 290 (-11264 1088 5056 ) (-11264 2048 5056 ) (-11264 2048 -3008 ) (-11264 1088 -3008 ) 
4 270 272 (-11264 7168 -3008 ) (-11264 7168 5056 ) (-12288 7168 5056 ) (-12288 7168 -3008 ) 
4 270 271 (-12288 7168 -3008 ) (-12288 7168 5056 ) (-12288 8192 5056 ) (-12288 8192 -3008 ) 
4 271 278 (-13312 8192 5056 ) (-13312 8192 -3008 ) (-13312 7168 -3008 ) (-13312 7168 5056 ) 
4 271 273 (-13312 7168 5056 ) (-13312 7168 -3008 ) (-12288 7168 -3008 ) (-12288 7168 5056 ) 
4 272 274 (-11264 6144 -3008 ) (-11264 6144 5056 ) (-12288 6144 5056 ) (-12288 6144 -3008 ) 
4 272 273 (-12288 7168 5056 ) (-12288 7168 -3008 ) (-12288 6144 -3008 ) (-12288 6144 5056 ) 
4 273 279 (-13312 6144 -3008 ) (-13312 6144 5056 ) (-13312 7168 5056 ) (-13312 7168 -3008 ) 
4 273 275 (-12288 6144 -3008 ) (-12288 6144 5056 ) (-13312 6144 5056 ) (-13312 6144 -3008 ) 
4 274 276 (-11264 5120 -3008 ) (-11264 5120 5056 ) (-12288 5120 5056 ) (-12288 5120 -3008 ) 
4 274 275 (-12288 5120 -3008 ) (-12288 5120 5056 ) (-12288 6144 5056 ) (-12288 6144 -3008 ) 
4 275 282 (-13312 5120 -3008 ) (-13312 5120 5056 ) (-13312 6144 5056 ) (-13312 6144 -3008 ) 
4 275 277 (-13312 5120 5056 ) (-13312 5120 -3008 ) (-12288 5120 -3008 ) (-12288 5120 5056 ) 
4 276 286 (-11264 4096 -3008 ) (-11264 4096 5056 ) (-12288 4096 5056 ) (-12288 4096 -3008 ) 
4 276 277 (-12288 5120 5056 ) (-12288 5120 -3008 ) (-12288 4096 -3008 ) (-12288 4096 5056 ) 
4 277 287 (-12288 4096 -3008 ) (-12288 4096 5056 ) (-13312 4096 5056 ) (-13312 4096 -3008 ) 
4 277 283 (-13312 4096 -3008 ) (-13312 4096 5056 ) (-13312 5120 5056 ) (-13312 5120 -3008 ) 
4 278 280 (-14336 8192 5056 ) (-14336 8192 -3008 ) (-14336 7168 -3008 ) (-14336 7168 5056 ) 
4 278 279 (-13312 7168 -3008 ) (-13312 7168 5056 ) (-14336 7168 5056 ) (-14336 7168 -3008 ) 
4 279 282 (-13312 6144 -3008 ) (-13312 6144 5056 ) (-14336 6144 5056 ) (-14336 6144 -3008 ) 
4 279 281 (-14336 6144 -3008 ) (-14336 6144 5056 ) (-14336 7168 5056 ) (-14336 7168 -3008 ) 
4 280 281 (-14336 7168 -3008 ) (-14336 7168 5056 ) (-14784 7168 5056 ) (-14784 7168 -3008 ) 
4 281 284 (-14336 6144 -3008 ) (-14336 6144 5056 ) (-14784 6144 5056 ) (-14784 6144 -3008 ) 
4 282 284 (-14336 6144 5056 ) (-14336 6144 -3008 ) (-14336 5120 -3008 ) (-14336 5120 5056 ) 
4 282 283 (-13312 5120 -3008 ) (-13312 5120 5056 ) (-14336 5120 5056 ) (-14336 5120 -3008 ) 
4 283 292 (-13312 4096 -3008 ) (-13312 4096 5056 ) (-14336 4096 5056 ) (-14336 4096 -3008 ) 
4 283 285 (-14336 4096 -3008 ) (-14336 4096 5056 ) (-14336 5120 5056 ) (-14336 5120 -3008 ) 
4 284 285 (-14336 5120 -3008 ) (-14336 5120 5056 ) (-14784 5120 5056 ) (-14784 5120 -3008 ) 
4 285 294 (-14336 4096 -3008 ) (-14336 4096 5056 ) (-14784 4096 5056 ) (-14784 4096 -3008 ) 
4 286 288 (-11264 3072 -3008 ) (-11264 3072 5056 ) (-12288 3072 5056 ) (-12288 3072 -3008 ) 
4 286 287 (-12288 3072 -3008 ) (-12288 3072 5056 ) (-12288 4096 5056 ) (-12288 4096 -3008 ) 
4 287 292 (-13312 4096 5056 ) (-13312 4096 -3008 ) (-13312 3072 -3008 ) (-13312 3072 5056 ) 
4 287 289 (-13312 3072 5056 ) (-13312 3072 -3008 ) (-12288 3072 -3008 ) (-12288 3072 5056 ) 
4 288 290 (-11264 2048 -3008 ) (-11264 2048 5056 ) (-12288 2048 5056 ) (-12288 2048 -3008 ) 
4 288 289 (-12288 3072 5056 ) (-12288 3072 -3008 ) (-12288 2048 -3008 ) (-12288 2048 5056 ) 
4 289 293 (-13312 2048 -3008 ) (-13312 2048 5056 ) (-13312 3072 5056 ) (-13312 3072 -3008 ) 
4 289 291 (-12288 2048 -3008 ) (-12288 2048 5056 ) (-13312 2048 5056 ) (-13312 2048 -3008 ) 
4 290 291 (-12288 1088 5056 ) (-12288 2048 5056 ) (-12288 2048 -3008 ) (-12288 1088 -3008 ) 
4 291 296 (-13312 1088 5056 ) (-13312 2048 5056 ) (-13312 2048 -3008 ) (-13312 1088 -3008 ) 
4 292 294 (-14336 4096 5056 ) (-14336 4096 -3008 ) (-14336 3072 -3008 ) (-14336 3072 5056 ) 
4 292 293 (-13312 3072 -3008 ) (-13312 3072 5056 ) (-14336 3072 5056 ) (-14336 3072 -3008 ) 
4 293 296 (-13312 2048 -3008 ) (-13312 2048 5056 ) (-14336 2048 5056 ) (-14336 2048 -3008 ) 
4 293 295 (-14336 2048 -3008 ) (-14336 2048 5056 ) (-14336 3072 5056 ) (-14336 3072 -3008 ) 
4 294 295 (-14336 3072 -3008 ) (-14336 3072 5056 ) (-14784 3072 5056 ) (-14784 3072 -3008 ) 
4 295 297 (-14336 2048 -3008 ) (-14336 2048 5056 ) (-14784 2048 5056 ) (-14784 2048 -3008 ) 
4 296 297 (-14336 2048 5056 ) (-14336 2048 -3008 ) (-14336 1088 -3008 ) (-14336 1088 5056 ) 
