PRT1
66
148
4 0 7 (1280 1024 992 ) (1088 1024 992 ) (1088 1024 -128 ) (1280 1024 -128 ) 
4 0 2 (1088 1024 256 ) (1088 1024 992 ) (1088 1088 992 ) (1088 1088 256 ) 
4 0 3 (1088 1088 -128 ) (1088 1024 -128 ) (1088 1024 -64 ) (1088 1088 -64 ) 
4 0 1 (1088 1280 992 ) (1088 1280 -128 ) (1088 1088 -128 ) (1088 1088 992 ) 
4 1 5 (1024 1280 256 ) (1024 1280 -128 ) (1024 1088 -128 ) (1024 1088 256 ) 
4 1 4 (1024 1088 992 ) (1024 1280 992 ) (1024 1280 256 ) (1024 1088 256 ) 
4 1 2 (1088 1088 256 ) (1088 1088 992 ) (1024 1088 992 ) (1024 1088 256 ) 
4 1 3 (1024 1088 -128 ) (1088 1088 -128 ) (1088 1088 -64 ) (1024 1088 -64 ) 
4 2 8 (1088 1024 992 ) (1024 1024 992 ) (1024 1024 320 ) (1088 1024 320 ) 
4 2 4 (1024 1024 256 ) (1024 1024 992 ) (1024 1088 992 ) (1024 1088 256 ) 
4 3 9 (1024 1024 -64 ) (1024 1024 -128 ) (1088 1024 -128 ) (1088 1024 -64 ) 
4 3 6 (1024 1024 -128 ) (1024 1024 -64 ) (1024 1088 -64 ) (1024 1088 -128 ) 
4 4 15 (0 1024 256 ) (0 1024 992 ) (0 1280 992 ) (0 1280 256 ) 
4 4 10 (1024 1024 256 ) (1024 1024 992 ) (0 1024 992 ) (0 1024 256 ) 
4 4 5 (0 1280 256 ) (1024 1280 256 ) (1024 1088 256 ) (0 1088 256 ) 
4 5 16 (0 1088 256 ) (0 1280 256 ) (0 1280 -64 ) (0 1088 -64 ) 
4 5 19 (0 1280 -64 ) (0 1280 -128 ) (0 1088 -128 ) (0 1088 -64 ) 
4 5 6 (0 1088 -128 ) (1024 1088 -128 ) (1024 1088 -64 ) (0 1088 -64 ) 
4 6 19 (0 1024 -128 ) (0 1024 -64 ) (0 1088 -64 ) (0 1088 -128 ) 
4 6 14 (1024 1024 -128 ) (1024 1024 -64 ) (0 1024 -64 ) (0 1024 -128 ) 
4 7 38 (1280 0 992 ) (1088 0 992 ) (1088 0 -128 ) (1280 0 -128 ) 
4 7 8 (1088 0 320 ) (1088 0 992 ) (1088 1024 992 ) (1088 1024 320 ) 
4 7 9 (1088 1024 -128 ) (1088 0 -128 ) (1088 0 -64 ) (1088 1024 -64 ) 
4 8 39 (1088 0 992 ) (1024 0 992 ) (1024 0 320 ) (1088 0 320 ) 
4 8 10 (1024 1024 992 ) (1024 1024 320 ) (1024 0 320 ) (1024 0 992 ) 
4 9 40 (1024 0 -64 ) (1024 0 -128 ) (1088 0 -128 ) (1088 0 -64 ) 
4 9 14 (1024 1024 -64 ) (1024 1024 -128 ) (1024 0 -128 ) (1024 0 -64 ) 
4 10 41 (1024 0 128 ) (1024 0 992 ) (0 0 992 ) (0 0 128 ) 
4 10 32 (0 0 128 ) (0 0 256 ) (0 384 256 ) (0 384 128 ) 
4 10 23 (0 384 256 ) (0 1024 256 ) (0 1024 128 ) (0 384 128 ) 
4 10 22 (0 0 256 ) (0 0 320 ) (0 320 320 ) (0 320 256 ) 
4 10 21 (0 320 320 ) (0 1024 320 ) (0 1024 256 ) (0 320 256 ) 
4 10 20 (0 0 320 ) (0 0 992 ) (0 1024 992 ) (0 1024 320 ) 
4 10 12 (1024 0 128 ) (832 0 128 ) (832 832.012085 128 ) (1024 832.012085 128 ) 
4 10 11 (832 832.012085 128 ) (832 1024 128 ) (1024 1024 128 ) (1024 832.012085 128 ) 
4 10 13 (832 0 128 ) (0 0 128 ) (0 1024 128 ) (832 1024 128 ) 
4 11 13 (832 1024 0 ) (832 832.012085 0 ) (832 832.012085 128 ) (832 1024 128 ) 
4 11 12 (832 832.012085 128 ) (832 832.012085 0 ) (1024 832.012085 0 ) (1024 832.012085 128 ) 
4 12 42 (1024 0 0 ) (1024 0 128 ) (832 0 128 ) (832 0 0 ) 
4 12 13 (832 832.012085 0 ) (832 0 0 ) (832 0 128 ) (832 832.012085 128 ) 
4 13 44 (832 0 128 ) (0 0 128 ) (0 0 0 ) (832 0 0 ) 
4 13 32 (0 0 0 ) (0 0 128 ) (0 384 128 ) (0 384 0 ) 
4 13 24 (0 384 128 ) (0 1024 128 ) (0 1024 0 ) (0 384 0 ) 
4 14 45 (1024 0 -128 ) (1024 0 -64 ) (0 0 -64 ) (0 0 -128 ) 
4 14 35 (0 0 -128 ) (0 0 -64 ) (0 1024 -64 ) (0 1024 -128 ) 
4 15 21 (0 1024 256 ) (0 1024 320 ) (-256 1024 320 ) (-256 1024 256 ) 
4 15 20 (0 1024 320 ) (0 1024 992 ) (-256 1024 992 ) (-256 1024 320 ) 
4 15 18 (-256 1280 320 ) (-256 1280 256 ) (-256 1088 256 ) (-256 1088 320 ) 
4 15 17 (-256 1280 992 ) (-256 1280 320 ) (-256 1024 320 ) (-256 1024 992 ) 
4 15 16 (-256 1088 256 ) (-256 1280 256 ) (0 1280 256 ) (0 1088 256 ) 
4 16 18 (-256 1280 256 ) (-256 1280 -64 ) (-256 1088 -64 ) (-256 1088 256 ) 
4 16 19 (-256 1280 -64 ) (0 1280 -64 ) (0 1088 -64 ) (-256 1088 -64 ) 
4 17 36 (-1024 1024 320 ) (-1024 1024 992 ) (-1024 1280 992 ) (-1024 1280 320 ) 
4 17 20 (-1024 1024 992 ) (-1024 1024 320 ) (-256 1024 320 ) (-256 1024 992 ) 
4 17 18 (-1024 1088 320 ) (-1024 1280 320 ) (-256 1280 320 ) (-256 1088 320 ) 
4 18 36 (-1024 1088 320 ) (-1024 1280 320 ) (-1024 1280 -64 ) (-1024 1088 -64 ) 
4 18 19 (-1024 1088 -64 ) (-1024 1280 -64 ) (-256 1280 -64 ) (-256 1088 -64 ) 
4 19 36 (-1024 1024 -128 ) (-1024 1024 -64 ) (-1024 1280 -64 ) (-1024 1280 -128 ) 
4 19 35 (0 1024 -128 ) (0 1024 -64 ) (-1024 1024 -64 ) (-1024 1024 -128 ) 
4 20 53 (0 0 320 ) (0 0 992 ) (-1024 0 992 ) (-1024 0 320 ) 
4 20 37 (-1024 0 320 ) (-1024 0 992 ) (-1024 1024 992 ) (-1024 1024 320 ) 
4 20 22 (0 320 320 ) (0 0 320 ) (-704 0 320 ) (-704 320 320 ) 
4 20 21 (0 1024 320 ) (0 320 320 ) (-256 320 320 ) (-256 1024 320 ) 
4 21 32 (0 384 256 ) (0 320 256 ) (-256 320 256 ) (-256 384 256 ) 
4 21 23 (-256 1024 256 ) (0 1024 256 ) (0 384 256 ) (-256 384 256 ) 
4 21 22 (-256 320 256 ) (0 320 256 ) (0 320 320 ) (-256 320 320 ) 
4 22 54 (0 0 256 ) (0 0 320 ) (-704 0 320 ) (-704 0 256 ) 
4 22 33 (-256 0 256 ) (-704 0 256 ) (-704 320 256 ) (-256 320 256 ) 
4 22 32 (0 0 256 ) (-256 0 256 ) (-256 320 256 ) (0 320 256 ) 
4 23 32 (0 384 128 ) (0 384 256 ) (-256 384 256 ) (-256 384 128 ) 
4 23 24 (0 384 128 ) (-256 384 128 ) (-256 1024 128 ) (0 1024 128 ) 
4 24 32 (-256 384 0 ) (0 384 0 ) (0 384 128 ) (-256 384 128 ) 
4 24 25 (-256 640 0 ) (-256 384 0 ) (-256 384 128 ) (-256 640 128 ) 
4 25 28 (-320 640 0 ) (-320 384 0 ) (-320 384 128 ) (-320 640 128 ) 
4 26 28 (-368 640 128 ) (-368 640 0 ) (-320 640 0 ) (-320 640 128 ) 
4 26 27 (-368 640 256 ) (-368 640 128 ) (-320 640 128 ) (-320 640 256 ) 
4 26 29 (-368 1024 0 ) (-368 640 0 ) (-368 640 256 ) (-368 1024 256 ) 
4 27 29 (-368 384 128 ) (-368 384 256 ) (-368 640 256 ) (-368 640 128 ) 
4 27 28 (-368 384 128 ) (-368 640 128 ) (-320 640 128 ) (-320 384 128 ) 
4 28 29 (-368 640 0 ) (-368 384 0 ) (-368 384 128 ) (-368 640 128 ) 
4 29 34 (-769.341980 384 0 ) (-768 384 0 ) (-768 384 256 ) (-769.341980 384 256 ) 
4 29 31 (-769.341980 432 0 ) (-769.341980 384 0 ) (-769.341980 384 256 ) (-769.341980 432 256 ) 
4 29 30 (-769.341980 1024 0 ) (-769.341980 432 0 ) (-769.341980 432 256 ) (-769.341980 1024 256 ) 
4 30 31 (-960 432 256 ) (-960 432 0 ) (-769.341980 432 0 ) (-769.341980 432 256 ) 
4 31 34 (-960 384 0 ) (-769.341980 384 0 ) (-769.341980 384 256 ) (-960 384 256 ) 
4 32 56 (0 0 0 ) (0 0 256 ) (-256 0 256 ) (-256 0 0 ) 
4 32 33 (-256 320 0 ) (-256 0 0 ) (-256 0 256 ) (-256 320 256 ) 
4 33 56 (-256 0 256 ) (-704 0 256 ) (-704 0 0 ) (-256 0 0 ) 
4 34 57 (-768 0 256 ) (-960 0 256 ) (-960 0 0 ) (-768 0 0 ) 
4 35 60 (0 0 -128 ) (0 0 -64 ) (-1024 0 -64 ) (-1024 0 -128 ) 
4 35 37 (-1024 0 -128 ) (-1024 0 -64 ) (-1024 1024 -64 ) (-1024 1024 -128 ) 
4 36 37 (-1024 1024 -128 ) (-1024 1024 992 ) (-1216 1024 992 ) (-1216 1024 -128 ) 
4 37 61 (-1024 0 -128 ) (-1024 0 992 ) (-1216 0 992 ) (-1216 0 -128 ) 
4 38 46 (1280 -1024 992 ) (1088 -1024 992 ) (1088 -1024 -128 ) (1280 -1024 -128 ) 
4 38 39 (1088 -1024 320 ) (1088 -1024 992 ) (1088 0 992 ) (1088 0 320 ) 
4 38 40 (1088 0 -128 ) (1088 -1024 -128 ) (1088 -1024 -64 ) (1088 0 -64 ) 
4 39 47 (1088 -1024 992 ) (1024 -1024 992 ) (1024 -1024 320 ) (1088 -1024 320 ) 
4 39 41 (1024 -1024 320 ) (1024 -1024 992 ) (1024 0 992 ) (1024 0 320 ) 
4 40 48 (1024 -1024 -64 ) (1024 -1024 -128 ) (1088 -1024 -128 ) (1088 -1024 -64 ) 
4 40 45 (1024 -1024 -128 ) (1024 -1024 -64 ) (1024 0 -64 ) (1024 0 -128 ) 
4 41 58 (0 -640 128 ) (0 -1024 128 ) (0 -1024 256 ) (0 -640 256 ) 
4 41 56 (0 0 256 ) (0 0 128 ) (0 -640 128 ) (0 -640 256 ) 
4 41 54 (0 0 320 ) (0 0 256 ) (0 -1024 256 ) (0 -1024 320 ) 
4 41 53 (0 0 992 ) (0 0 320 ) (0 -1024 320 ) (0 -1024 992 ) 
4 41 50 (1024 -1024 320 ) (1024 -1024 992 ) (0 -1024 992 ) (0 -1024 320 ) 
4 41 43 (1024 -1024 128 ) (832 -1024 128 ) (832 -832 128 ) (1024 -832 128 ) 
4 41 42 (832 -832 128 ) (832 0 128 ) (1024 0 128 ) (1024 -832 128 ) 
4 41 44 (832 -1024 128 ) (0 -1024 128 ) (0 0 128 ) (832 0 128 ) 
4 42 44 (832 0 0 ) (832 -832 0 ) (832 -832 128 ) (832 0 128 ) 
4 42 43 (832 -832 128 ) (832 -832 0 ) (1024 -832 0 ) (1024 -832 128 ) 
4 43 44 (832 -832 0 ) (832 -1024 0 ) (832 -1024 128 ) (832 -832 128 ) 
4 44 58 (0 -640 0 ) (0 -1024 0 ) (0 -1024 128 ) (0 -640 128 ) 
4 44 56 (0 0 128 ) (0 0 0 ) (0 -640 0 ) (0 -640 128 ) 
4 45 60 (0 0 -64 ) (0 0 -128 ) (0 -1024 -128 ) (0 -1024 -64 ) 
4 45 51 (1024 -1024 -128 ) (1024 -1024 -64 ) (0 -1024 -64 ) (0 -1024 -128 ) 
4 46 47 (1088 -1088 320 ) (1088 -1088 992 ) (1088 -1024 992 ) (1088 -1024 320 ) 
4 46 48 (1088 -1024 -128 ) (1088 -1088 -128 ) (1088 -1088 -64 ) (1088 -1024 -64 ) 
4 46 49 (1088 -1088 -128 ) (1088 -1216 -128 ) (1088 -1216 992 ) (1088 -1088 992 ) 
4 47 50 (1024 -1024 992 ) (1024 -1024 320 ) (1024 -1088 320 ) (1024 -1088 992 ) 
4 47 49 (1088 -1088 320 ) (1088 -1088 992 ) (1024 -1088 992 ) (1024 -1088 320 ) 
4 48 51 (1024 -1024 -64 ) (1024 -1024 -128 ) (1024 -1088 -128 ) (1024 -1088 -64 ) 
4 48 49 (1024 -1088 -128 ) (1088 -1088 -128 ) (1088 -1088 -64 ) (1024 -1088 -64 ) 
4 49 52 (1024 -1088 -128 ) (1024 -1216 -128 ) (1024 -1216 320 ) (1024 -1088 320 ) 
4 49 50 (1024 -1216 320 ) (1024 -1216 992 ) (1024 -1088 992 ) (1024 -1088 320 ) 
4 50 62 (0 -1024 992 ) (0 -1024 320 ) (0 -1216 320 ) (0 -1216 992 ) 
4 50 52 (1024 -1216 320 ) (0 -1216 320 ) (0 -1088 320 ) (1024 -1088 320 ) 
4 51 63 (0 -1024 -64 ) (0 -1024 -128 ) (0 -1088 -128 ) (0 -1088 -64 ) 
4 51 52 (0 -1088 -128 ) (1024 -1088 -128 ) (1024 -1088 -64 ) (0 -1088 -64 ) 
4 52 64 (0 -1088 -128 ) (0 -1216 -128 ) (0 -1216 320 ) (0 -1088 320 ) 
4 53 62 (0 -1024 320 ) (0 -1024 992 ) (-1024 -1024 992 ) (-1024 -1024 320 ) 
4 53 61 (-1024 0 992 ) (-1024 0 320 ) (-1024 -1024 320 ) (-1024 -1024 992 ) 
4 53 55 (-1024 -1024 320 ) (-1024 -704 320 ) (-704 -704 320 ) (-704 -1024 320 ) 
4 53 54 (-704 0 320 ) (0 0 320 ) (0 -1024 320 ) (-704 -1024 320 ) 
4 54 58 (0 -1024 256 ) (-704 -1024 256 ) (-704 -640 256 ) (0 -640 256 ) 
4 54 56 (-704 -640 256 ) (-704 0 256 ) (0 0 256 ) (0 -640 256 ) 
4 54 55 (-704 -704 256 ) (-704 -1024 256 ) (-704 -1024 320 ) (-704 -704 320 ) 
4 55 61 (-1024 -704 256 ) (-1024 -1024 256 ) (-1024 -1024 320 ) (-1024 -704 320 ) 
4 55 59 (-704 -1024 256 ) (-960 -1024 256 ) (-960 -704 256 ) (-704 -704 256 ) 
4 56 58 (-704 -640 0 ) (0 -640 0 ) (0 -640 256 ) (-704 -640 256 ) 
4 58 59 (-704 -704 0 ) (-704 -1024 0 ) (-704 -1024 256 ) (-704 -704 256 ) 
4 60 63 (0 -1024 -128 ) (0 -1024 -64 ) (-1024 -1024 -64 ) (-1024 -1024 -128 ) 
4 60 61 (-1024 0 -64 ) (-1024 0 -128 ) (-1024 -1024 -128 ) (-1024 -1024 -64 ) 
4 61 65 (-1024 -1024 -128 ) (-1024 -1024 992 ) (-1216 -1024 992 ) (-1216 -1024 -128 ) 
4 62 65 (-1024 -1024 992 ) (-1024 -1024 320 ) (-1024 -1216 320 ) (-1024 -1216 992 ) 
4 62 64 (0 -1216 320 ) (-1024 -1216 320 ) (-1024 -1088 320 ) (0 -1088 320 ) 
4 63 65 (-1024 -1024 -64 ) (-1024 -1024 -128 ) (-1024 -1088 -128 ) (-1024 -1088 -64 ) 
4 63 64 (-1024 -1088 -128 ) (0 -1088 -128 ) (0 -1088 -64 ) (-1024 -1088 -64 ) 
4 64 65 (-1024 -1088 -128 ) (-1024 -1216 -128 ) (-1024 -1216 320 ) (-1024 -1088 320 ) 
